mode: set
github.com/Lafetz/showdown-trivia-game/internal/web/ws/client.go:28.58,37.2 2 1
github.com/Lafetz/showdown-trivia-game/internal/web/ws/client.go:38.32,39.15 1 0
github.com/Lafetz/showdown-trivia-game/internal/web/ws/client.go:39.15,41.3 1 0
github.com/Lafetz/showdown-trivia-game/internal/web/ws/client.go:42.2,42.79 1 0
github.com/Lafetz/showdown-trivia-game/internal/web/ws/client.go:42.79,45.3 2 0
github.com/Lafetz/showdown-trivia-game/internal/web/ws/client.go:46.2,48.6 3 0
github.com/Lafetz/showdown-trivia-game/internal/web/ws/client.go:48.6,50.17 2 0
github.com/Lafetz/showdown-trivia-game/internal/web/ws/client.go:50.17,52.37 1 0
github.com/Lafetz/showdown-trivia-game/internal/web/ws/client.go:52.37,54.5 1 0
github.com/Lafetz/showdown-trivia-game/internal/web/ws/client.go:55.4,55.9 1 0
github.com/Lafetz/showdown-trivia-game/internal/web/ws/client.go:58.3,59.51 2 0
github.com/Lafetz/showdown-trivia-game/internal/web/ws/client.go:59.51,61.9 2 0
github.com/Lafetz/showdown-trivia-game/internal/web/ws/client.go:65.3,65.24 1 0
github.com/Lafetz/showdown-trivia-game/internal/web/ws/client.go:66.18,68.34 2 0
github.com/Lafetz/showdown-trivia-game/internal/web/ws/client.go:68.34,71.5 1 0
github.com/Lafetz/showdown-trivia-game/internal/web/ws/client.go:72.4,72.33 1 0
github.com/Lafetz/showdown-trivia-game/internal/web/ws/client.go:73.19,77.28 4 0
github.com/Lafetz/showdown-trivia-game/internal/web/ws/client.go:78.11,79.53 1 0
github.com/Lafetz/showdown-trivia-game/internal/web/ws/client.go:84.33,85.15 1 0
github.com/Lafetz/showdown-trivia-game/internal/web/ws/client.go:85.15,87.3 1 0
github.com/Lafetz/showdown-trivia-game/internal/web/ws/client.go:88.2,97.6 2 0
github.com/Lafetz/showdown-trivia-game/internal/web/ws/client.go:97.6,98.10 1 0
github.com/Lafetz/showdown-trivia-game/internal/web/ws/client.go:99.34,101.11 1 0
github.com/Lafetz/showdown-trivia-game/internal/web/ws/client.go:101.11,102.82 1 0
github.com/Lafetz/showdown-trivia-game/internal/web/ws/client.go:102.82,104.6 1 0
github.com/Lafetz/showdown-trivia-game/internal/web/ws/client.go:105.5,105.11 1 0
github.com/Lafetz/showdown-trivia-game/internal/web/ws/client.go:108.4,108.84 1 0
github.com/Lafetz/showdown-trivia-game/internal/web/ws/client.go:108.84,110.5 1 0
github.com/Lafetz/showdown-trivia-game/internal/web/ws/client.go:111.4,111.29 1 0
github.com/Lafetz/showdown-trivia-game/internal/web/ws/client.go:113.19,115.87 1 0
github.com/Lafetz/showdown-trivia-game/internal/web/ws/client.go:115.87,118.5 2 0
github.com/Lafetz/showdown-trivia-game/internal/web/ws/client.go:122.52,125.2 1 0
github.com/Lafetz/showdown-trivia-game/internal/web/ws/event.go:8.31,10.2 1 0
github.com/Lafetz/showdown-trivia-game/internal/web/ws/hub.go:29.53,30.37 1 1
github.com/Lafetz/showdown-trivia-game/internal/web/ws/hub.go:30.37,32.3 1 1
github.com/Lafetz/showdown-trivia-game/internal/web/ws/hub.go:32.8,34.3 1 1
github.com/Lafetz/showdown-trivia-game/internal/web/ws/hub.go:36.35,40.2 3 1
github.com/Lafetz/showdown-trivia-game/internal/web/ws/hub.go:41.45,45.28 4 1
github.com/Lafetz/showdown-trivia-game/internal/web/ws/hub.go:45.28,52.3 1 1
github.com/Lafetz/showdown-trivia-game/internal/web/ws/hub.go:53.2,53.14 1 1
github.com/Lafetz/showdown-trivia-game/internal/web/ws/hub.go:55.38,58.36 3 1
github.com/Lafetz/showdown-trivia-game/internal/web/ws/hub.go:58.36,62.3 2 0
github.com/Lafetz/showdown-trivia-game/internal/web/ws/hub.go:63.2,63.26 1 1
github.com/Lafetz/showdown-trivia-game/internal/web/ws/hub.go:66.20,72.2 2 1
github.com/Lafetz/showdown-trivia-game/internal/web/ws/hub.go:73.40,84.2 1 0
github.com/Lafetz/showdown-trivia-game/internal/web/ws/rooms.go:20.36,22.27 1 1
github.com/Lafetz/showdown-trivia-game/internal/web/ws/rooms.go:22.27,25.3 1 1
github.com/Lafetz/showdown-trivia-game/internal/web/ws/rooms.go:29.31,41.12 4 1
github.com/Lafetz/showdown-trivia-game/internal/web/ws/rooms.go:41.12,42.28 1 1
github.com/Lafetz/showdown-trivia-game/internal/web/ws/rooms.go:42.28,43.21 1 0
github.com/Lafetz/showdown-trivia-game/internal/web/ws/rooms.go:44.26,45.53 1 0
github.com/Lafetz/showdown-trivia-game/internal/web/ws/rooms.go:45.53,48.6 2 0
github.com/Lafetz/showdown-trivia-game/internal/web/ws/rooms.go:48.11,49.14 1 0
github.com/Lafetz/showdown-trivia-game/internal/web/ws/rooms.go:51.22,52.49 1 0
github.com/Lafetz/showdown-trivia-game/internal/web/ws/rooms.go:52.49,55.6 2 0
github.com/Lafetz/showdown-trivia-game/internal/web/ws/rooms.go:55.11,56.14 1 0
github.com/Lafetz/showdown-trivia-game/internal/web/ws/rooms.go:58.25,59.52 1 0
github.com/Lafetz/showdown-trivia-game/internal/web/ws/rooms.go:59.52,62.6 2 0
github.com/Lafetz/showdown-trivia-game/internal/web/ws/rooms.go:62.11,63.14 1 0
github.com/Lafetz/showdown-trivia-game/internal/web/ws/rooms.go:69.2,69.10 1 1
github.com/Lafetz/showdown-trivia-game/internal/web/ws/rooms.go:71.42,77.2 5 1
github.com/Lafetz/showdown-trivia-game/internal/web/ws/rooms.go:78.45,81.36 3 0
github.com/Lafetz/showdown-trivia-game/internal/web/ws/rooms.go:81.36,84.3 2 0
github.com/Lafetz/showdown-trivia-game/internal/web/ws/rooms.go:86.36,88.27 2 1
github.com/Lafetz/showdown-trivia-game/internal/web/ws/rooms.go:88.27,90.3 1 1
github.com/Lafetz/showdown-trivia-game/internal/web/ws/rooms.go:91.2,91.14 1 1
github.com/Lafetz/showdown-trivia-game/internal/web/ws/ws_upgrader.go:10.66,13.16 2 0
github.com/Lafetz/showdown-trivia-game/internal/web/ws/ws_upgrader.go:13.16,16.3 2 0
github.com/Lafetz/showdown-trivia-game/internal/web/ws/ws_upgrader.go:17.2,25.24 7 0
github.com/Lafetz/showdown-trivia-game/internal/web/ws/ws_upgrader.go:28.79,30.18 1 0
github.com/Lafetz/showdown-trivia-game/internal/web/ws/ws_upgrader.go:30.18,33.3 2 0
github.com/Lafetz/showdown-trivia-game/internal/web/ws/ws_upgrader.go:34.2,35.16 2 0
github.com/Lafetz/showdown-trivia-game/internal/web/ws/ws_upgrader.go:35.16,38.3 2 0
github.com/Lafetz/showdown-trivia-game/internal/web/ws/ws_upgrader.go:39.2,40.16 2 0
github.com/Lafetz/showdown-trivia-game/internal/web/ws/ws_upgrader.go:40.16,43.3 2 0
github.com/Lafetz/showdown-trivia-game/internal/web/ws/ws_upgrader.go:44.2,47.24 4 0
