mode: set
github.com/Lafetz/showdown-trivia-game/cmd/main.go:13.13,22.16 9 0
github.com/Lafetz/showdown-trivia-game/cmd/main.go:22.16,24.3 1 0
github.com/Lafetz/showdown-trivia-game/internal/repository/store.go:18.24,20.16 2 0
github.com/Lafetz/showdown-trivia-game/internal/repository/store.go:20.16,22.3 1 0
github.com/Lafetz/showdown-trivia-game/internal/repository/store.go:23.2,25.16 3 0
github.com/Lafetz/showdown-trivia-game/internal/repository/store.go:25.16,27.3 1 0
github.com/Lafetz/showdown-trivia-game/internal/repository/store.go:29.2,31.16 3 0
github.com/Lafetz/showdown-trivia-game/internal/repository/store.go:31.16,33.3 1 0
github.com/Lafetz/showdown-trivia-game/internal/repository/store.go:34.2,35.16 2 0
github.com/Lafetz/showdown-trivia-game/internal/repository/store.go:35.16,37.3 1 0
github.com/Lafetz/showdown-trivia-game/internal/repository/store.go:39.2,42.3 2 0
github.com/Lafetz/showdown-trivia-game/internal/repository/store.go:44.99,53.16 3 0
github.com/Lafetz/showdown-trivia-game/internal/repository/store.go:53.16,55.3 1 0
github.com/Lafetz/showdown-trivia-game/internal/repository/store.go:56.2,57.12 2 0
github.com/Lafetz/showdown-trivia-game/internal/repository/user.go:24.41,32.2 1 0
github.com/Lafetz/showdown-trivia-game/internal/repository/user.go:34.44,42.2 1 0
github.com/Lafetz/showdown-trivia-game/internal/repository/user.go:44.70,47.16 3 0
github.com/Lafetz/showdown-trivia-game/internal/repository/user.go:47.16,48.53 1 0
github.com/Lafetz/showdown-trivia-game/internal/repository/user.go:48.53,50.50 1 0
github.com/Lafetz/showdown-trivia-game/internal/repository/user.go:50.50,51.31 1 0
github.com/Lafetz/showdown-trivia-game/internal/repository/user.go:51.31,54.17 2 0
github.com/Lafetz/showdown-trivia-game/internal/repository/user.go:55.19,56.38 1 0
github.com/Lafetz/showdown-trivia-game/internal/repository/user.go:57.22,58.41 1 0
github.com/Lafetz/showdown-trivia-game/internal/repository/user.go:59.14,60.22 1 0
github.com/Lafetz/showdown-trivia-game/internal/repository/user.go:65.9,67.4 1 0
github.com/Lafetz/showdown-trivia-game/internal/repository/user.go:68.3,68.23 1 0
github.com/Lafetz/showdown-trivia-game/internal/repository/user.go:70.2,70.22 1 0
github.com/Lafetz/showdown-trivia-game/internal/repository/user.go:72.63,75.16 3 0
github.com/Lafetz/showdown-trivia-game/internal/repository/user.go:75.16,76.34 1 0
github.com/Lafetz/showdown-trivia-game/internal/repository/user.go:76.34,78.4 1 0
github.com/Lafetz/showdown-trivia-game/internal/repository/user.go:79.3,79.18 1 0
github.com/Lafetz/showdown-trivia-game/internal/repository/user.go:82.2,82.31 1 0
github.com/Lafetz/showdown-trivia-game/internal/repository/user.go:86.52,88.2 1 0
github.com/Lafetz/showdown-trivia-game/internal/repository/user.go:89.54,96.20 4 0
github.com/Lafetz/showdown-trivia-game/internal/repository/user.go:96.20,98.3 1 0
github.com/Lafetz/showdown-trivia-game/internal/repository/user.go:100.2,103.20 3 0
github.com/Lafetz/showdown-trivia-game/internal/repository/user.go:103.20,106.3 2 0
github.com/Lafetz/showdown-trivia-game/internal/repository/user.go:108.2,108.11 1 0
github.com/Lafetz/showdown-trivia-game/internal/core/user/entities.go:17.68,27.2 2 0
github.com/Lafetz/showdown-trivia-game/internal/core/user/service.go:20.51,24.2 1 0
github.com/Lafetz/showdown-trivia-game/internal/core/user/service.go:26.65,28.2 1 0
github.com/Lafetz/showdown-trivia-game/internal/core/user/service.go:29.60,31.2 1 0
github.com/Lafetz/showdown-trivia-game/internal/core/user/service.go:33.56,35.2 1 0
github.com/Lafetz/showdown-trivia-game/internal/web/app.go:22.93,36.2 3 0
github.com/Lafetz/showdown-trivia-game/internal/web/app.go:37.27,39.2 1 0
github.com/Lafetz/showdown-trivia-game/internal/web/middleware.go:8.63,9.54 1 0
github.com/Lafetz/showdown-trivia-game/internal/web/middleware.go:9.54,12.60 2 0
github.com/Lafetz/showdown-trivia-game/internal/web/middleware.go:12.60,15.4 2 0
github.com/Lafetz/showdown-trivia-game/internal/web/middleware.go:17.3,18.10 2 0
github.com/Lafetz/showdown-trivia-game/internal/web/middleware.go:18.10,21.4 2 0
github.com/Lafetz/showdown-trivia-game/internal/web/middleware.go:22.3,23.40 2 0
github.com/Lafetz/showdown-trivia-game/internal/web/routes.go:13.31,36.2 13 0
github.com/Lafetz/showdown-trivia-game/internal/web/Render/error.go:10.67,13.16 3 0
github.com/Lafetz/showdown-trivia-game/internal/web/Render/error.go:13.16,15.3 1 0
github.com/Lafetz/showdown-trivia-game/internal/web/Render/error.go:16.2,16.12 1 0
github.com/Lafetz/showdown-trivia-game/internal/web/Render/error.go:18.61,21.16 3 0
github.com/Lafetz/showdown-trivia-game/internal/web/Render/error.go:21.16,23.3 1 0
github.com/Lafetz/showdown-trivia-game/internal/web/Render/error.go:24.2,24.12 1 0
github.com/Lafetz/showdown-trivia-game/internal/web/Render/html.go:13.74,16.16 3 0
github.com/Lafetz/showdown-trivia-game/internal/web/Render/html.go:16.16,18.3 1 0
github.com/Lafetz/showdown-trivia-game/internal/web/Render/html.go:19.2,19.12 1 0
github.com/Lafetz/showdown-trivia-game/internal/web/Render/html.go:22.92,26.16 4 0
github.com/Lafetz/showdown-trivia-game/internal/web/Render/html.go:26.16,28.3 1 0
github.com/Lafetz/showdown-trivia-game/internal/web/Render/html.go:29.2,29.12 1 0
github.com/Lafetz/showdown-trivia-game/internal/web/Render/html.go:31.75,35.16 4 0
github.com/Lafetz/showdown-trivia-game/internal/web/Render/html.go:35.16,37.3 1 0
github.com/Lafetz/showdown-trivia-game/internal/web/Render/html.go:38.2,38.12 1 0
github.com/Lafetz/showdown-trivia-game/internal/web/Render/html.go:40.92,45.2 4 0
github.com/Lafetz/showdown-trivia-game/internal/web/Render/html.go:46.89,49.16 3 0
github.com/Lafetz/showdown-trivia-game/internal/web/Render/html.go:49.16,51.3 1 0
github.com/Lafetz/showdown-trivia-game/internal/web/Render/html.go:52.2,52.12 1 0
github.com/Lafetz/showdown-trivia-game/internal/web/Render/ws.go:14.89,17.16 3 0
github.com/Lafetz/showdown-trivia-game/internal/web/Render/ws.go:17.16,19.3 1 0
github.com/Lafetz/showdown-trivia-game/internal/web/Render/ws.go:20.2,20.12 1 0
github.com/Lafetz/showdown-trivia-game/internal/web/Render/ws.go:22.63,25.2 2 0
github.com/Lafetz/showdown-trivia-game/internal/web/Render/ws.go:26.76,29.2 2 0
github.com/Lafetz/showdown-trivia-game/internal/web/Render/ws.go:30.54,33.2 2 0
github.com/Lafetz/showdown-trivia-game/internal/web/Render/ws.go:35.50,38.2 2 0
github.com/Lafetz/showdown-trivia-game/internal/web/Render/ws.go:39.56,42.2 2 0
github.com/Lafetz/showdown-trivia-game/internal/web/Render/ws.go:43.57,47.2 3 0
github.com/Lafetz/showdown-trivia-game/internal/web/form/user.go:24.35,28.41 2 1
github.com/Lafetz/showdown-trivia-game/internal/web/form/user.go:28.41,30.3 1 1
github.com/Lafetz/showdown-trivia-game/internal/web/form/user.go:32.2,32.38 1 1
github.com/Lafetz/showdown-trivia-game/internal/web/form/user.go:32.38,34.3 1 0
github.com/Lafetz/showdown-trivia-game/internal/web/form/user.go:34.8,34.64 1 1
github.com/Lafetz/showdown-trivia-game/internal/web/form/user.go:34.64,36.3 1 1
github.com/Lafetz/showdown-trivia-game/internal/web/form/user.go:38.2,38.44 1 1
github.com/Lafetz/showdown-trivia-game/internal/web/form/user.go:38.44,40.3 1 1
github.com/Lafetz/showdown-trivia-game/internal/web/form/user.go:42.2,42.27 1 1
github.com/Lafetz/showdown-trivia-game/internal/web/form/user.go:44.64,46.2 1 0
github.com/Lafetz/showdown-trivia-game/internal/web/form/user.go:47.35,51.38 2 1
github.com/Lafetz/showdown-trivia-game/internal/web/form/user.go:51.38,53.3 1 1
github.com/Lafetz/showdown-trivia-game/internal/web/form/user.go:54.2,54.41 1 1
github.com/Lafetz/showdown-trivia-game/internal/web/form/user.go:54.41,56.3 1 1
github.com/Lafetz/showdown-trivia-game/internal/web/form/user.go:58.2,58.44 1 1
github.com/Lafetz/showdown-trivia-game/internal/web/form/user.go:58.44,60.3 1 1
github.com/Lafetz/showdown-trivia-game/internal/web/form/user.go:62.2,62.27 1 1
github.com/Lafetz/showdown-trivia-game/internal/web/views/layouts/base.component_templ.go:13.67,14.110 1 0
github.com/Lafetz/showdown-trivia-game/internal/web/views/layouts/base.component_templ.go:14.110,16.31 2 0
github.com/Lafetz/showdown-trivia-game/internal/web/views/layouts/base.component_templ.go:16.31,19.4 2 0
github.com/Lafetz/showdown-trivia-game/internal/web/views/layouts/base.component_templ.go:20.3,22.33 3 0
github.com/Lafetz/showdown-trivia-game/internal/web/views/layouts/base.component_templ.go:22.33,24.4 1 0
github.com/Lafetz/showdown-trivia-game/internal/web/views/layouts/base.component_templ.go:25.3,27.32 3 0
github.com/Lafetz/showdown-trivia-game/internal/web/views/layouts/base.component_templ.go:27.32,29.4 1 0
github.com/Lafetz/showdown-trivia-game/internal/web/views/layouts/base.component_templ.go:30.3,32.32 3 0
github.com/Lafetz/showdown-trivia-game/internal/web/views/layouts/base.component_templ.go:32.32,34.4 1 0
github.com/Lafetz/showdown-trivia-game/internal/web/views/layouts/base.component_templ.go:35.3,36.32 2 0
github.com/Lafetz/showdown-trivia-game/internal/web/views/layouts/base.component_templ.go:36.32,38.4 1 0
github.com/Lafetz/showdown-trivia-game/internal/web/views/layouts/base.component_templ.go:39.3,40.32 2 0
github.com/Lafetz/showdown-trivia-game/internal/web/views/layouts/base.component_templ.go:40.32,42.4 1 0
github.com/Lafetz/showdown-trivia-game/internal/web/views/layouts/base.component_templ.go:43.3,44.32 2 0
github.com/Lafetz/showdown-trivia-game/internal/web/views/layouts/base.component_templ.go:44.32,46.4 1 0
github.com/Lafetz/showdown-trivia-game/internal/web/views/layouts/base.component_templ.go:47.3,48.32 2 0
github.com/Lafetz/showdown-trivia-game/internal/web/views/layouts/base.component_templ.go:48.32,50.4 1 0
github.com/Lafetz/showdown-trivia-game/internal/web/views/layouts/base.component_templ.go:51.3,51.31 1 0
github.com/Lafetz/showdown-trivia-game/internal/web/views/layouts/base.component_templ.go:51.31,53.4 1 0
github.com/Lafetz/showdown-trivia-game/internal/web/views/layouts/base.component_templ.go:54.3,54.28 1 0
github.com/Lafetz/showdown-trivia-game/internal/web/views/pages/home_templ.go:15.44,16.110 1 0
github.com/Lafetz/showdown-trivia-game/internal/web/views/pages/home_templ.go:16.110,18.31 2 0
github.com/Lafetz/showdown-trivia-game/internal/web/views/pages/home_templ.go:18.31,21.4 2 0
github.com/Lafetz/showdown-trivia-game/internal/web/views/pages/home_templ.go:22.3,24.33 3 0
github.com/Lafetz/showdown-trivia-game/internal/web/views/pages/home_templ.go:24.33,26.4 1 0
github.com/Lafetz/showdown-trivia-game/internal/web/views/pages/home_templ.go:27.3,29.32 3 0
github.com/Lafetz/showdown-trivia-game/internal/web/views/pages/home_templ.go:29.32,31.4 1 0
github.com/Lafetz/showdown-trivia-game/internal/web/views/pages/home_templ.go:32.3,33.32 2 0
github.com/Lafetz/showdown-trivia-game/internal/web/views/pages/home_templ.go:33.32,35.4 1 0
github.com/Lafetz/showdown-trivia-game/internal/web/views/pages/home_templ.go:36.3,36.31 1 0
github.com/Lafetz/showdown-trivia-game/internal/web/views/pages/home_templ.go:36.31,38.4 1 0
github.com/Lafetz/showdown-trivia-game/internal/web/views/pages/home_templ.go:39.3,39.28 1 0
github.com/Lafetz/showdown-trivia-game/internal/web/views/pages/internalError_templ.go:13.38,14.110 1 0
github.com/Lafetz/showdown-trivia-game/internal/web/views/pages/internalError_templ.go:14.110,16.31 2 0
github.com/Lafetz/showdown-trivia-game/internal/web/views/pages/internalError_templ.go:16.31,19.4 2 0
github.com/Lafetz/showdown-trivia-game/internal/web/views/pages/internalError_templ.go:20.3,22.33 3 0
github.com/Lafetz/showdown-trivia-game/internal/web/views/pages/internalError_templ.go:22.33,24.4 1 0
github.com/Lafetz/showdown-trivia-game/internal/web/views/pages/internalError_templ.go:25.3,27.32 3 0
github.com/Lafetz/showdown-trivia-game/internal/web/views/pages/internalError_templ.go:27.32,29.4 1 0
github.com/Lafetz/showdown-trivia-game/internal/web/views/pages/internalError_templ.go:30.3,30.31 1 0
github.com/Lafetz/showdown-trivia-game/internal/web/views/pages/internalError_templ.go:30.31,32.4 1 0
github.com/Lafetz/showdown-trivia-game/internal/web/views/pages/internalError_templ.go:33.3,33.28 1 0
github.com/Lafetz/showdown-trivia-game/internal/web/views/pages/notfounderror_templ.go:13.33,14.110 1 0
github.com/Lafetz/showdown-trivia-game/internal/web/views/pages/notfounderror_templ.go:14.110,16.31 2 0
github.com/Lafetz/showdown-trivia-game/internal/web/views/pages/notfounderror_templ.go:16.31,19.4 2 0
github.com/Lafetz/showdown-trivia-game/internal/web/views/pages/notfounderror_templ.go:20.3,22.33 3 0
github.com/Lafetz/showdown-trivia-game/internal/web/views/pages/notfounderror_templ.go:22.33,24.4 1 0
github.com/Lafetz/showdown-trivia-game/internal/web/views/pages/notfounderror_templ.go:25.3,27.32 3 0
github.com/Lafetz/showdown-trivia-game/internal/web/views/pages/notfounderror_templ.go:27.32,29.4 1 0
github.com/Lafetz/showdown-trivia-game/internal/web/views/pages/notfounderror_templ.go:30.3,30.31 1 0
github.com/Lafetz/showdown-trivia-game/internal/web/views/pages/notfounderror_templ.go:30.31,32.4 1 0
github.com/Lafetz/showdown-trivia-game/internal/web/views/pages/notfounderror_templ.go:33.3,33.28 1 0
github.com/Lafetz/showdown-trivia-game/internal/web/views/pages/signin_templ.go:15.67,16.110 1 0
github.com/Lafetz/showdown-trivia-game/internal/web/views/pages/signin_templ.go:16.110,18.31 2 0
github.com/Lafetz/showdown-trivia-game/internal/web/views/pages/signin_templ.go:18.31,21.4 2 0
github.com/Lafetz/showdown-trivia-game/internal/web/views/pages/signin_templ.go:22.3,24.33 3 0
github.com/Lafetz/showdown-trivia-game/internal/web/views/pages/signin_templ.go:24.33,26.4 1 0
github.com/Lafetz/showdown-trivia-game/internal/web/views/pages/signin_templ.go:27.3,29.32 3 0
github.com/Lafetz/showdown-trivia-game/internal/web/views/pages/signin_templ.go:29.32,31.4 1 0
github.com/Lafetz/showdown-trivia-game/internal/web/views/pages/signin_templ.go:32.3,34.32 3 0
github.com/Lafetz/showdown-trivia-game/internal/web/views/pages/signin_templ.go:34.32,36.4 1 0
github.com/Lafetz/showdown-trivia-game/internal/web/views/pages/signin_templ.go:37.3,38.32 2 0
github.com/Lafetz/showdown-trivia-game/internal/web/views/pages/signin_templ.go:38.32,40.4 1 0
github.com/Lafetz/showdown-trivia-game/internal/web/views/pages/signin_templ.go:41.3,42.32 2 0
github.com/Lafetz/showdown-trivia-game/internal/web/views/pages/signin_templ.go:42.32,44.4 1 0
github.com/Lafetz/showdown-trivia-game/internal/web/views/pages/signin_templ.go:45.3,47.32 3 0
github.com/Lafetz/showdown-trivia-game/internal/web/views/pages/signin_templ.go:47.32,49.4 1 0
github.com/Lafetz/showdown-trivia-game/internal/web/views/pages/signin_templ.go:50.3,51.32 2 0
github.com/Lafetz/showdown-trivia-game/internal/web/views/pages/signin_templ.go:51.32,53.4 1 0
github.com/Lafetz/showdown-trivia-game/internal/web/views/pages/signin_templ.go:54.3,55.32 2 0
github.com/Lafetz/showdown-trivia-game/internal/web/views/pages/signin_templ.go:55.32,57.4 1 0
github.com/Lafetz/showdown-trivia-game/internal/web/views/pages/signin_templ.go:58.3,60.32 3 0
github.com/Lafetz/showdown-trivia-game/internal/web/views/pages/signin_templ.go:60.32,62.4 1 0
github.com/Lafetz/showdown-trivia-game/internal/web/views/pages/signin_templ.go:63.3,64.32 2 0
github.com/Lafetz/showdown-trivia-game/internal/web/views/pages/signin_templ.go:64.32,66.4 1 0
github.com/Lafetz/showdown-trivia-game/internal/web/views/pages/signin_templ.go:67.3,68.32 2 0
github.com/Lafetz/showdown-trivia-game/internal/web/views/pages/signin_templ.go:68.32,70.4 1 0
github.com/Lafetz/showdown-trivia-game/internal/web/views/pages/signin_templ.go:71.3,73.32 3 0
github.com/Lafetz/showdown-trivia-game/internal/web/views/pages/signin_templ.go:73.32,75.4 1 0
github.com/Lafetz/showdown-trivia-game/internal/web/views/pages/signin_templ.go:76.3,77.32 2 0
github.com/Lafetz/showdown-trivia-game/internal/web/views/pages/signin_templ.go:77.32,79.4 1 0
github.com/Lafetz/showdown-trivia-game/internal/web/views/pages/signin_templ.go:80.3,81.32 2 0
github.com/Lafetz/showdown-trivia-game/internal/web/views/pages/signin_templ.go:81.32,83.4 1 0
github.com/Lafetz/showdown-trivia-game/internal/web/views/pages/signin_templ.go:84.3,84.31 1 0
github.com/Lafetz/showdown-trivia-game/internal/web/views/pages/signin_templ.go:84.31,86.4 1 0
github.com/Lafetz/showdown-trivia-game/internal/web/views/pages/signin_templ.go:87.3,87.28 1 0
github.com/Lafetz/showdown-trivia-game/internal/web/views/pages/signin_templ.go:91.36,92.110 1 0
github.com/Lafetz/showdown-trivia-game/internal/web/views/pages/signin_templ.go:92.110,94.31 2 0
github.com/Lafetz/showdown-trivia-game/internal/web/views/pages/signin_templ.go:94.31,97.4 2 0
github.com/Lafetz/showdown-trivia-game/internal/web/views/pages/signin_templ.go:98.3,100.33 3 0
github.com/Lafetz/showdown-trivia-game/internal/web/views/pages/signin_templ.go:100.33,102.4 1 0
github.com/Lafetz/showdown-trivia-game/internal/web/views/pages/signin_templ.go:103.3,105.32 3 0
github.com/Lafetz/showdown-trivia-game/internal/web/views/pages/signin_templ.go:105.32,107.4 1 0
github.com/Lafetz/showdown-trivia-game/internal/web/views/pages/signin_templ.go:108.3,108.31 1 0
github.com/Lafetz/showdown-trivia-game/internal/web/views/pages/signin_templ.go:108.31,110.4 1 0
github.com/Lafetz/showdown-trivia-game/internal/web/views/pages/signin_templ.go:111.3,111.28 1 0
github.com/Lafetz/showdown-trivia-game/internal/web/views/pages/signup_templ.go:15.51,16.110 1 0
github.com/Lafetz/showdown-trivia-game/internal/web/views/pages/signup_templ.go:16.110,18.31 2 0
github.com/Lafetz/showdown-trivia-game/internal/web/views/pages/signup_templ.go:18.31,21.4 2 0
github.com/Lafetz/showdown-trivia-game/internal/web/views/pages/signup_templ.go:22.3,24.33 3 0
github.com/Lafetz/showdown-trivia-game/internal/web/views/pages/signup_templ.go:24.33,26.4 1 0
github.com/Lafetz/showdown-trivia-game/internal/web/views/pages/signup_templ.go:27.3,29.32 3 0
github.com/Lafetz/showdown-trivia-game/internal/web/views/pages/signup_templ.go:29.32,31.4 1 0
github.com/Lafetz/showdown-trivia-game/internal/web/views/pages/signup_templ.go:32.3,34.32 3 0
github.com/Lafetz/showdown-trivia-game/internal/web/views/pages/signup_templ.go:34.32,36.4 1 0
github.com/Lafetz/showdown-trivia-game/internal/web/views/pages/signup_templ.go:37.3,38.32 2 0
github.com/Lafetz/showdown-trivia-game/internal/web/views/pages/signup_templ.go:38.32,40.4 1 0
github.com/Lafetz/showdown-trivia-game/internal/web/views/pages/signup_templ.go:41.3,42.32 2 0
github.com/Lafetz/showdown-trivia-game/internal/web/views/pages/signup_templ.go:42.32,44.4 1 0
github.com/Lafetz/showdown-trivia-game/internal/web/views/pages/signup_templ.go:45.3,47.32 3 0
github.com/Lafetz/showdown-trivia-game/internal/web/views/pages/signup_templ.go:47.32,49.4 1 0
github.com/Lafetz/showdown-trivia-game/internal/web/views/pages/signup_templ.go:50.3,51.32 2 0
github.com/Lafetz/showdown-trivia-game/internal/web/views/pages/signup_templ.go:51.32,53.4 1 0
github.com/Lafetz/showdown-trivia-game/internal/web/views/pages/signup_templ.go:54.3,55.32 2 0
github.com/Lafetz/showdown-trivia-game/internal/web/views/pages/signup_templ.go:55.32,57.4 1 0
github.com/Lafetz/showdown-trivia-game/internal/web/views/pages/signup_templ.go:58.3,60.32 3 0
github.com/Lafetz/showdown-trivia-game/internal/web/views/pages/signup_templ.go:60.32,62.4 1 0
github.com/Lafetz/showdown-trivia-game/internal/web/views/pages/signup_templ.go:63.3,64.32 2 0
github.com/Lafetz/showdown-trivia-game/internal/web/views/pages/signup_templ.go:64.32,66.4 1 0
github.com/Lafetz/showdown-trivia-game/internal/web/views/pages/signup_templ.go:67.3,68.32 2 0
github.com/Lafetz/showdown-trivia-game/internal/web/views/pages/signup_templ.go:68.32,70.4 1 0
github.com/Lafetz/showdown-trivia-game/internal/web/views/pages/signup_templ.go:71.3,73.32 3 0
github.com/Lafetz/showdown-trivia-game/internal/web/views/pages/signup_templ.go:73.32,75.4 1 0
github.com/Lafetz/showdown-trivia-game/internal/web/views/pages/signup_templ.go:76.3,77.32 2 0
github.com/Lafetz/showdown-trivia-game/internal/web/views/pages/signup_templ.go:77.32,79.4 1 0
github.com/Lafetz/showdown-trivia-game/internal/web/views/pages/signup_templ.go:80.3,81.32 2 0
github.com/Lafetz/showdown-trivia-game/internal/web/views/pages/signup_templ.go:81.32,83.4 1 0
github.com/Lafetz/showdown-trivia-game/internal/web/views/pages/signup_templ.go:84.3,86.32 3 0
github.com/Lafetz/showdown-trivia-game/internal/web/views/pages/signup_templ.go:86.32,88.4 1 0
github.com/Lafetz/showdown-trivia-game/internal/web/views/pages/signup_templ.go:89.3,90.32 2 0
github.com/Lafetz/showdown-trivia-game/internal/web/views/pages/signup_templ.go:90.32,92.4 1 0
github.com/Lafetz/showdown-trivia-game/internal/web/views/pages/signup_templ.go:93.3,94.32 2 0
github.com/Lafetz/showdown-trivia-game/internal/web/views/pages/signup_templ.go:94.32,96.4 1 0
github.com/Lafetz/showdown-trivia-game/internal/web/views/pages/signup_templ.go:97.3,99.32 3 0
github.com/Lafetz/showdown-trivia-game/internal/web/views/pages/signup_templ.go:99.32,101.4 1 0
github.com/Lafetz/showdown-trivia-game/internal/web/views/pages/signup_templ.go:102.3,103.32 2 0
github.com/Lafetz/showdown-trivia-game/internal/web/views/pages/signup_templ.go:103.32,105.4 1 0
github.com/Lafetz/showdown-trivia-game/internal/web/views/pages/signup_templ.go:106.3,107.32 2 0
github.com/Lafetz/showdown-trivia-game/internal/web/views/pages/signup_templ.go:107.32,109.4 1 0
github.com/Lafetz/showdown-trivia-game/internal/web/views/pages/signup_templ.go:110.3,110.31 1 0
github.com/Lafetz/showdown-trivia-game/internal/web/views/pages/signup_templ.go:110.31,112.4 1 0
github.com/Lafetz/showdown-trivia-game/internal/web/views/pages/signup_templ.go:113.3,113.28 1 0
github.com/Lafetz/showdown-trivia-game/internal/web/views/pages/signup_templ.go:117.38,118.110 1 0
github.com/Lafetz/showdown-trivia-game/internal/web/views/pages/signup_templ.go:118.110,120.31 2 0
github.com/Lafetz/showdown-trivia-game/internal/web/views/pages/signup_templ.go:120.31,123.4 2 0
github.com/Lafetz/showdown-trivia-game/internal/web/views/pages/signup_templ.go:124.3,126.33 3 0
github.com/Lafetz/showdown-trivia-game/internal/web/views/pages/signup_templ.go:126.33,128.4 1 0
github.com/Lafetz/showdown-trivia-game/internal/web/views/pages/signup_templ.go:129.3,131.32 3 0
github.com/Lafetz/showdown-trivia-game/internal/web/views/pages/signup_templ.go:131.32,133.4 1 0
github.com/Lafetz/showdown-trivia-game/internal/web/views/pages/signup_templ.go:134.3,134.31 1 0
github.com/Lafetz/showdown-trivia-game/internal/web/views/pages/signup_templ.go:134.31,136.4 1 0
github.com/Lafetz/showdown-trivia-game/internal/web/views/pages/signup_templ.go:137.3,137.28 1 0
github.com/Lafetz/showdown-trivia-game/internal/web/views/components/error_templ.go:13.39,14.110 1 0
github.com/Lafetz/showdown-trivia-game/internal/web/views/components/error_templ.go:14.110,16.31 2 0
github.com/Lafetz/showdown-trivia-game/internal/web/views/components/error_templ.go:16.31,19.4 2 0
github.com/Lafetz/showdown-trivia-game/internal/web/views/components/error_templ.go:20.3,22.33 3 0
github.com/Lafetz/showdown-trivia-game/internal/web/views/components/error_templ.go:22.33,24.4 1 0
github.com/Lafetz/showdown-trivia-game/internal/web/views/components/error_templ.go:25.3,26.31 2 0
github.com/Lafetz/showdown-trivia-game/internal/web/views/components/error_templ.go:26.31,28.4 1 0
github.com/Lafetz/showdown-trivia-game/internal/web/views/components/error_templ.go:29.3,29.28 1 0
github.com/Lafetz/showdown-trivia-game/internal/web/views/components/game_templ.go:20.50,21.110 1 0
github.com/Lafetz/showdown-trivia-game/internal/web/views/components/game_templ.go:21.110,23.31 2 0
github.com/Lafetz/showdown-trivia-game/internal/web/views/components/game_templ.go:23.31,26.4 2 0
github.com/Lafetz/showdown-trivia-game/internal/web/views/components/game_templ.go:27.3,29.33 3 0
github.com/Lafetz/showdown-trivia-game/internal/web/views/components/game_templ.go:29.33,31.4 1 0
github.com/Lafetz/showdown-trivia-game/internal/web/views/components/game_templ.go:32.3,33.12 2 0
github.com/Lafetz/showdown-trivia-game/internal/web/views/components/game_templ.go:33.12,35.33 2 0
github.com/Lafetz/showdown-trivia-game/internal/web/views/components/game_templ.go:35.33,37.5 1 0
github.com/Lafetz/showdown-trivia-game/internal/web/views/components/game_templ.go:38.4,39.33 2 0
github.com/Lafetz/showdown-trivia-game/internal/web/views/components/game_templ.go:39.33,41.5 1 0
github.com/Lafetz/showdown-trivia-game/internal/web/views/components/game_templ.go:42.4,43.33 2 0
github.com/Lafetz/showdown-trivia-game/internal/web/views/components/game_templ.go:43.33,45.5 1 0
github.com/Lafetz/showdown-trivia-game/internal/web/views/components/game_templ.go:46.9,48.33 2 0
github.com/Lafetz/showdown-trivia-game/internal/web/views/components/game_templ.go:48.33,50.5 1 0
github.com/Lafetz/showdown-trivia-game/internal/web/views/components/game_templ.go:51.4,53.33 3 0
github.com/Lafetz/showdown-trivia-game/internal/web/views/components/game_templ.go:53.33,55.5 1 0
github.com/Lafetz/showdown-trivia-game/internal/web/views/components/game_templ.go:56.4,57.33 2 0
github.com/Lafetz/showdown-trivia-game/internal/web/views/components/game_templ.go:57.33,59.5 1 0
github.com/Lafetz/showdown-trivia-game/internal/web/views/components/game_templ.go:60.4,61.33 2 0
github.com/Lafetz/showdown-trivia-game/internal/web/views/components/game_templ.go:61.33,63.5 1 0
github.com/Lafetz/showdown-trivia-game/internal/web/views/components/game_templ.go:64.4,65.33 2 0
github.com/Lafetz/showdown-trivia-game/internal/web/views/components/game_templ.go:65.33,67.5 1 0
github.com/Lafetz/showdown-trivia-game/internal/web/views/components/game_templ.go:68.4,69.33 2 0
github.com/Lafetz/showdown-trivia-game/internal/web/views/components/game_templ.go:69.33,71.5 1 0
github.com/Lafetz/showdown-trivia-game/internal/web/views/components/game_templ.go:73.3,73.31 1 0
github.com/Lafetz/showdown-trivia-game/internal/web/views/components/game_templ.go:73.31,75.4 1 0
github.com/Lafetz/showdown-trivia-game/internal/web/views/components/game_templ.go:76.3,76.28 1 0
github.com/Lafetz/showdown-trivia-game/internal/web/views/components/game_templ.go:80.59,81.110 1 0
github.com/Lafetz/showdown-trivia-game/internal/web/views/components/game_templ.go:81.110,83.31 2 0
github.com/Lafetz/showdown-trivia-game/internal/web/views/components/game_templ.go:83.31,86.4 2 0
github.com/Lafetz/showdown-trivia-game/internal/web/views/components/game_templ.go:87.3,89.33 3 0
github.com/Lafetz/showdown-trivia-game/internal/web/views/components/game_templ.go:89.33,91.4 1 0
github.com/Lafetz/showdown-trivia-game/internal/web/views/components/game_templ.go:92.3,94.32 3 0
github.com/Lafetz/showdown-trivia-game/internal/web/views/components/game_templ.go:94.32,96.4 1 0
github.com/Lafetz/showdown-trivia-game/internal/web/views/components/game_templ.go:97.3,99.32 3 0
github.com/Lafetz/showdown-trivia-game/internal/web/views/components/game_templ.go:99.32,101.4 1 0
github.com/Lafetz/showdown-trivia-game/internal/web/views/components/game_templ.go:102.3,103.32 2 0
github.com/Lafetz/showdown-trivia-game/internal/web/views/components/game_templ.go:103.32,105.4 1 0
github.com/Lafetz/showdown-trivia-game/internal/web/views/components/game_templ.go:106.3,107.32 2 0
github.com/Lafetz/showdown-trivia-game/internal/web/views/components/game_templ.go:107.32,109.4 1 0
github.com/Lafetz/showdown-trivia-game/internal/web/views/components/game_templ.go:110.3,110.34 1 0
github.com/Lafetz/showdown-trivia-game/internal/web/views/components/game_templ.go:110.34,112.33 2 0
github.com/Lafetz/showdown-trivia-game/internal/web/views/components/game_templ.go:112.33,114.5 1 0
github.com/Lafetz/showdown-trivia-game/internal/web/views/components/game_templ.go:115.4,117.33 3 0
github.com/Lafetz/showdown-trivia-game/internal/web/views/components/game_templ.go:117.33,119.5 1 0
github.com/Lafetz/showdown-trivia-game/internal/web/views/components/game_templ.go:120.4,121.33 2 0
github.com/Lafetz/showdown-trivia-game/internal/web/views/components/game_templ.go:121.33,123.5 1 0
github.com/Lafetz/showdown-trivia-game/internal/web/views/components/game_templ.go:124.4,125.33 2 0
github.com/Lafetz/showdown-trivia-game/internal/web/views/components/game_templ.go:125.33,127.5 1 0
github.com/Lafetz/showdown-trivia-game/internal/web/views/components/game_templ.go:129.3,130.32 2 0
github.com/Lafetz/showdown-trivia-game/internal/web/views/components/game_templ.go:130.32,132.4 1 0
github.com/Lafetz/showdown-trivia-game/internal/web/views/components/game_templ.go:133.3,133.31 1 0
github.com/Lafetz/showdown-trivia-game/internal/web/views/components/game_templ.go:133.31,135.4 1 0
github.com/Lafetz/showdown-trivia-game/internal/web/views/components/game_templ.go:136.3,136.28 1 0
github.com/Lafetz/showdown-trivia-game/internal/web/views/components/game_templ.go:140.59,141.110 1 0
github.com/Lafetz/showdown-trivia-game/internal/web/views/components/game_templ.go:141.110,143.31 2 0
github.com/Lafetz/showdown-trivia-game/internal/web/views/components/game_templ.go:143.31,146.4 2 0
github.com/Lafetz/showdown-trivia-game/internal/web/views/components/game_templ.go:147.3,149.33 3 0
github.com/Lafetz/showdown-trivia-game/internal/web/views/components/game_templ.go:149.33,151.4 1 0
github.com/Lafetz/showdown-trivia-game/internal/web/views/components/game_templ.go:152.3,154.32 3 0
github.com/Lafetz/showdown-trivia-game/internal/web/views/components/game_templ.go:154.32,156.4 1 0
github.com/Lafetz/showdown-trivia-game/internal/web/views/components/game_templ.go:157.3,157.30 1 0
github.com/Lafetz/showdown-trivia-game/internal/web/views/components/game_templ.go:157.30,159.33 2 0
github.com/Lafetz/showdown-trivia-game/internal/web/views/components/game_templ.go:159.33,161.5 1 0
github.com/Lafetz/showdown-trivia-game/internal/web/views/components/game_templ.go:162.4,164.33 3 0
github.com/Lafetz/showdown-trivia-game/internal/web/views/components/game_templ.go:164.33,166.5 1 0
github.com/Lafetz/showdown-trivia-game/internal/web/views/components/game_templ.go:167.4,168.33 2 0
github.com/Lafetz/showdown-trivia-game/internal/web/views/components/game_templ.go:168.33,170.5 1 0
github.com/Lafetz/showdown-trivia-game/internal/web/views/components/game_templ.go:171.4,172.33 2 0
github.com/Lafetz/showdown-trivia-game/internal/web/views/components/game_templ.go:172.33,174.5 1 0
github.com/Lafetz/showdown-trivia-game/internal/web/views/components/game_templ.go:175.4,177.33 3 0
github.com/Lafetz/showdown-trivia-game/internal/web/views/components/game_templ.go:177.33,179.5 1 0
github.com/Lafetz/showdown-trivia-game/internal/web/views/components/game_templ.go:180.4,181.33 2 0
github.com/Lafetz/showdown-trivia-game/internal/web/views/components/game_templ.go:181.33,183.5 1 0
github.com/Lafetz/showdown-trivia-game/internal/web/views/components/game_templ.go:184.4,185.33 2 0
github.com/Lafetz/showdown-trivia-game/internal/web/views/components/game_templ.go:185.33,187.5 1 0
github.com/Lafetz/showdown-trivia-game/internal/web/views/components/game_templ.go:188.4,190.33 3 0
github.com/Lafetz/showdown-trivia-game/internal/web/views/components/game_templ.go:190.33,192.5 1 0
github.com/Lafetz/showdown-trivia-game/internal/web/views/components/game_templ.go:193.4,194.33 2 0
github.com/Lafetz/showdown-trivia-game/internal/web/views/components/game_templ.go:194.33,196.5 1 0
github.com/Lafetz/showdown-trivia-game/internal/web/views/components/game_templ.go:197.4,198.33 2 0
github.com/Lafetz/showdown-trivia-game/internal/web/views/components/game_templ.go:198.33,200.5 1 0
github.com/Lafetz/showdown-trivia-game/internal/web/views/components/game_templ.go:202.3,203.32 2 0
github.com/Lafetz/showdown-trivia-game/internal/web/views/components/game_templ.go:203.32,205.4 1 0
github.com/Lafetz/showdown-trivia-game/internal/web/views/components/game_templ.go:206.3,206.31 1 0
github.com/Lafetz/showdown-trivia-game/internal/web/views/components/game_templ.go:206.31,208.4 1 0
github.com/Lafetz/showdown-trivia-game/internal/web/views/components/game_templ.go:209.3,209.28 1 0
github.com/Lafetz/showdown-trivia-game/internal/web/views/components/game_templ.go:213.72,214.110 1 0
github.com/Lafetz/showdown-trivia-game/internal/web/views/components/game_templ.go:214.110,216.31 2 0
github.com/Lafetz/showdown-trivia-game/internal/web/views/components/game_templ.go:216.31,219.4 2 0
github.com/Lafetz/showdown-trivia-game/internal/web/views/components/game_templ.go:220.3,222.34 3 0
github.com/Lafetz/showdown-trivia-game/internal/web/views/components/game_templ.go:222.34,224.4 1 0
github.com/Lafetz/showdown-trivia-game/internal/web/views/components/game_templ.go:225.3,227.32 3 0
github.com/Lafetz/showdown-trivia-game/internal/web/views/components/game_templ.go:227.32,229.4 1 0
github.com/Lafetz/showdown-trivia-game/internal/web/views/components/game_templ.go:230.3,232.32 3 0
github.com/Lafetz/showdown-trivia-game/internal/web/views/components/game_templ.go:232.32,234.4 1 0
github.com/Lafetz/showdown-trivia-game/internal/web/views/components/game_templ.go:235.3,236.32 2 0
github.com/Lafetz/showdown-trivia-game/internal/web/views/components/game_templ.go:236.32,238.4 1 0
github.com/Lafetz/showdown-trivia-game/internal/web/views/components/game_templ.go:239.3,240.32 2 0
github.com/Lafetz/showdown-trivia-game/internal/web/views/components/game_templ.go:240.32,242.4 1 0
github.com/Lafetz/showdown-trivia-game/internal/web/views/components/game_templ.go:243.3,245.32 3 0
github.com/Lafetz/showdown-trivia-game/internal/web/views/components/game_templ.go:245.32,247.4 1 0
github.com/Lafetz/showdown-trivia-game/internal/web/views/components/game_templ.go:248.3,249.32 2 0
github.com/Lafetz/showdown-trivia-game/internal/web/views/components/game_templ.go:249.32,251.4 1 0
github.com/Lafetz/showdown-trivia-game/internal/web/views/components/game_templ.go:252.3,253.32 2 0
github.com/Lafetz/showdown-trivia-game/internal/web/views/components/game_templ.go:253.32,255.4 1 0
github.com/Lafetz/showdown-trivia-game/internal/web/views/components/game_templ.go:256.3,258.32 3 0
github.com/Lafetz/showdown-trivia-game/internal/web/views/components/game_templ.go:258.32,260.4 1 0
github.com/Lafetz/showdown-trivia-game/internal/web/views/components/game_templ.go:261.3,262.32 2 0
github.com/Lafetz/showdown-trivia-game/internal/web/views/components/game_templ.go:262.32,264.4 1 0
github.com/Lafetz/showdown-trivia-game/internal/web/views/components/game_templ.go:265.3,266.32 2 0
github.com/Lafetz/showdown-trivia-game/internal/web/views/components/game_templ.go:266.32,268.4 1 0
github.com/Lafetz/showdown-trivia-game/internal/web/views/components/game_templ.go:269.3,269.31 1 0
github.com/Lafetz/showdown-trivia-game/internal/web/views/components/game_templ.go:269.31,271.33 2 0
github.com/Lafetz/showdown-trivia-game/internal/web/views/components/game_templ.go:271.33,273.5 1 0
github.com/Lafetz/showdown-trivia-game/internal/web/views/components/game_templ.go:275.3,276.32 2 0
github.com/Lafetz/showdown-trivia-game/internal/web/views/components/game_templ.go:276.32,278.4 1 0
github.com/Lafetz/showdown-trivia-game/internal/web/views/components/game_templ.go:279.3,279.31 1 0
github.com/Lafetz/showdown-trivia-game/internal/web/views/components/game_templ.go:279.31,281.4 1 0
github.com/Lafetz/showdown-trivia-game/internal/web/views/components/game_templ.go:282.3,282.28 1 0
github.com/Lafetz/showdown-trivia-game/internal/web/views/components/game_templ.go:286.48,287.110 1 0
github.com/Lafetz/showdown-trivia-game/internal/web/views/components/game_templ.go:287.110,289.31 2 0
github.com/Lafetz/showdown-trivia-game/internal/web/views/components/game_templ.go:289.31,292.4 2 0
github.com/Lafetz/showdown-trivia-game/internal/web/views/components/game_templ.go:293.3,295.34 3 0
github.com/Lafetz/showdown-trivia-game/internal/web/views/components/game_templ.go:295.34,297.4 1 0
github.com/Lafetz/showdown-trivia-game/internal/web/views/components/game_templ.go:298.3,300.32 3 0
github.com/Lafetz/showdown-trivia-game/internal/web/views/components/game_templ.go:300.32,302.4 1 0
github.com/Lafetz/showdown-trivia-game/internal/web/views/components/game_templ.go:303.3,305.32 3 0
github.com/Lafetz/showdown-trivia-game/internal/web/views/components/game_templ.go:305.32,307.4 1 0
github.com/Lafetz/showdown-trivia-game/internal/web/views/components/game_templ.go:308.3,309.32 2 0
github.com/Lafetz/showdown-trivia-game/internal/web/views/components/game_templ.go:309.32,311.4 1 0
github.com/Lafetz/showdown-trivia-game/internal/web/views/components/game_templ.go:312.3,313.32 2 0
github.com/Lafetz/showdown-trivia-game/internal/web/views/components/game_templ.go:313.32,315.4 1 0
github.com/Lafetz/showdown-trivia-game/internal/web/views/components/game_templ.go:316.3,316.31 1 0
github.com/Lafetz/showdown-trivia-game/internal/web/views/components/game_templ.go:316.31,318.4 1 0
github.com/Lafetz/showdown-trivia-game/internal/web/views/components/game_templ.go:319.3,319.28 1 0
github.com/Lafetz/showdown-trivia-game/internal/web/views/components/game_templ.go:323.51,324.110 1 0
github.com/Lafetz/showdown-trivia-game/internal/web/views/components/game_templ.go:324.110,326.31 2 0
github.com/Lafetz/showdown-trivia-game/internal/web/views/components/game_templ.go:326.31,329.4 2 0
github.com/Lafetz/showdown-trivia-game/internal/web/views/components/game_templ.go:330.3,332.34 3 0
github.com/Lafetz/showdown-trivia-game/internal/web/views/components/game_templ.go:332.34,334.4 1 0
github.com/Lafetz/showdown-trivia-game/internal/web/views/components/game_templ.go:335.3,337.32 3 0
github.com/Lafetz/showdown-trivia-game/internal/web/views/components/game_templ.go:337.32,339.4 1 0
github.com/Lafetz/showdown-trivia-game/internal/web/views/components/game_templ.go:340.3,342.32 3 0
github.com/Lafetz/showdown-trivia-game/internal/web/views/components/game_templ.go:342.32,344.4 1 0
github.com/Lafetz/showdown-trivia-game/internal/web/views/components/game_templ.go:345.3,346.32 2 0
github.com/Lafetz/showdown-trivia-game/internal/web/views/components/game_templ.go:346.32,348.4 1 0
github.com/Lafetz/showdown-trivia-game/internal/web/views/components/game_templ.go:349.3,350.32 2 0
github.com/Lafetz/showdown-trivia-game/internal/web/views/components/game_templ.go:350.32,352.4 1 0
github.com/Lafetz/showdown-trivia-game/internal/web/views/components/game_templ.go:353.3,355.32 3 0
github.com/Lafetz/showdown-trivia-game/internal/web/views/components/game_templ.go:355.32,357.4 1 0
github.com/Lafetz/showdown-trivia-game/internal/web/views/components/game_templ.go:358.3,359.32 2 0
github.com/Lafetz/showdown-trivia-game/internal/web/views/components/game_templ.go:359.32,361.4 1 0
github.com/Lafetz/showdown-trivia-game/internal/web/views/components/game_templ.go:362.3,363.32 2 0
github.com/Lafetz/showdown-trivia-game/internal/web/views/components/game_templ.go:363.32,365.4 1 0
github.com/Lafetz/showdown-trivia-game/internal/web/views/components/game_templ.go:366.3,366.31 1 0
github.com/Lafetz/showdown-trivia-game/internal/web/views/components/game_templ.go:366.31,368.4 1 0
github.com/Lafetz/showdown-trivia-game/internal/web/views/components/game_templ.go:369.3,369.28 1 0
github.com/Lafetz/showdown-trivia-game/internal/web/views/components/game_templ.go:373.31,375.11 2 0
github.com/Lafetz/showdown-trivia-game/internal/web/views/components/game_templ.go:376.9,377.15 1 0
github.com/Lafetz/showdown-trivia-game/internal/web/views/components/game_templ.go:378.9,379.15 1 0
github.com/Lafetz/showdown-trivia-game/internal/web/views/components/game_templ.go:380.9,381.15 1 0
github.com/Lafetz/showdown-trivia-game/internal/web/views/components/game_templ.go:382.9,383.15 1 0
github.com/Lafetz/showdown-trivia-game/internal/web/views/components/game_templ.go:384.10,385.15 1 0
github.com/Lafetz/showdown-trivia-game/internal/web/views/components/game_templ.go:387.2,387.72 1 0
github.com/Lafetz/showdown-trivia-game/internal/web/views/components/game_templ.go:390.46,391.110 1 0
github.com/Lafetz/showdown-trivia-game/internal/web/views/components/game_templ.go:391.110,393.31 2 0
github.com/Lafetz/showdown-trivia-game/internal/web/views/components/game_templ.go:393.31,396.4 2 0
github.com/Lafetz/showdown-trivia-game/internal/web/views/components/game_templ.go:397.3,399.34 3 0
github.com/Lafetz/showdown-trivia-game/internal/web/views/components/game_templ.go:399.34,401.4 1 0
github.com/Lafetz/showdown-trivia-game/internal/web/views/components/game_templ.go:402.3,404.32 3 0
github.com/Lafetz/showdown-trivia-game/internal/web/views/components/game_templ.go:404.32,406.4 1 0
github.com/Lafetz/showdown-trivia-game/internal/web/views/components/game_templ.go:407.3,409.32 3 0
github.com/Lafetz/showdown-trivia-game/internal/web/views/components/game_templ.go:409.32,411.4 1 0
github.com/Lafetz/showdown-trivia-game/internal/web/views/components/game_templ.go:412.3,413.32 2 0
github.com/Lafetz/showdown-trivia-game/internal/web/views/components/game_templ.go:413.32,415.4 1 0
github.com/Lafetz/showdown-trivia-game/internal/web/views/components/game_templ.go:416.3,417.32 2 0
github.com/Lafetz/showdown-trivia-game/internal/web/views/components/game_templ.go:417.32,419.4 1 0
github.com/Lafetz/showdown-trivia-game/internal/web/views/components/game_templ.go:420.3,420.31 1 0
github.com/Lafetz/showdown-trivia-game/internal/web/views/components/game_templ.go:420.31,422.4 1 0
github.com/Lafetz/showdown-trivia-game/internal/web/views/components/game_templ.go:423.3,423.28 1 0
github.com/Lafetz/showdown-trivia-game/internal/web/views/components/game_templ.go:427.59,428.110 1 0
github.com/Lafetz/showdown-trivia-game/internal/web/views/components/game_templ.go:428.110,430.31 2 0
github.com/Lafetz/showdown-trivia-game/internal/web/views/components/game_templ.go:430.31,433.4 2 0
github.com/Lafetz/showdown-trivia-game/internal/web/views/components/game_templ.go:434.3,436.34 3 0
github.com/Lafetz/showdown-trivia-game/internal/web/views/components/game_templ.go:436.34,438.4 1 0
github.com/Lafetz/showdown-trivia-game/internal/web/views/components/game_templ.go:439.3,441.32 3 0
github.com/Lafetz/showdown-trivia-game/internal/web/views/components/game_templ.go:441.32,443.4 1 0
github.com/Lafetz/showdown-trivia-game/internal/web/views/components/game_templ.go:444.3,444.38 1 0
github.com/Lafetz/showdown-trivia-game/internal/web/views/components/game_templ.go:444.38,446.33 2 0
github.com/Lafetz/showdown-trivia-game/internal/web/views/components/game_templ.go:446.33,448.5 1 0
github.com/Lafetz/showdown-trivia-game/internal/web/views/components/game_templ.go:449.4,451.33 3 0
github.com/Lafetz/showdown-trivia-game/internal/web/views/components/game_templ.go:451.33,453.5 1 0
github.com/Lafetz/showdown-trivia-game/internal/web/views/components/game_templ.go:454.4,455.33 2 0
github.com/Lafetz/showdown-trivia-game/internal/web/views/components/game_templ.go:455.33,457.5 1 0
github.com/Lafetz/showdown-trivia-game/internal/web/views/components/game_templ.go:458.4,460.33 3 0
github.com/Lafetz/showdown-trivia-game/internal/web/views/components/game_templ.go:460.33,462.5 1 0
github.com/Lafetz/showdown-trivia-game/internal/web/views/components/game_templ.go:463.4,464.33 2 0
github.com/Lafetz/showdown-trivia-game/internal/web/views/components/game_templ.go:464.33,466.5 1 0
github.com/Lafetz/showdown-trivia-game/internal/web/views/components/game_templ.go:467.4,468.33 2 0
github.com/Lafetz/showdown-trivia-game/internal/web/views/components/game_templ.go:468.33,470.5 1 0
github.com/Lafetz/showdown-trivia-game/internal/web/views/components/game_templ.go:471.4,473.33 3 0
github.com/Lafetz/showdown-trivia-game/internal/web/views/components/game_templ.go:473.33,475.5 1 0
github.com/Lafetz/showdown-trivia-game/internal/web/views/components/game_templ.go:476.4,477.33 2 0
github.com/Lafetz/showdown-trivia-game/internal/web/views/components/game_templ.go:477.33,479.5 1 0
github.com/Lafetz/showdown-trivia-game/internal/web/views/components/game_templ.go:480.4,481.33 2 0
github.com/Lafetz/showdown-trivia-game/internal/web/views/components/game_templ.go:481.33,483.5 1 0
github.com/Lafetz/showdown-trivia-game/internal/web/views/components/game_templ.go:485.3,486.32 2 0
github.com/Lafetz/showdown-trivia-game/internal/web/views/components/game_templ.go:486.32,488.4 1 0
github.com/Lafetz/showdown-trivia-game/internal/web/views/components/game_templ.go:489.3,489.31 1 0
github.com/Lafetz/showdown-trivia-game/internal/web/views/components/game_templ.go:489.31,491.4 1 0
github.com/Lafetz/showdown-trivia-game/internal/web/views/components/game_templ.go:492.3,492.28 1 0
github.com/Lafetz/showdown-trivia-game/internal/web/views/components/header_templ.go:15.46,16.110 1 0
github.com/Lafetz/showdown-trivia-game/internal/web/views/components/header_templ.go:16.110,18.31 2 0
github.com/Lafetz/showdown-trivia-game/internal/web/views/components/header_templ.go:18.31,21.4 2 0
github.com/Lafetz/showdown-trivia-game/internal/web/views/components/header_templ.go:22.3,24.33 3 0
github.com/Lafetz/showdown-trivia-game/internal/web/views/components/header_templ.go:24.33,26.4 1 0
github.com/Lafetz/showdown-trivia-game/internal/web/views/components/header_templ.go:27.3,29.32 3 0
github.com/Lafetz/showdown-trivia-game/internal/web/views/components/header_templ.go:29.32,31.4 1 0
github.com/Lafetz/showdown-trivia-game/internal/web/views/components/header_templ.go:32.3,34.32 3 0
github.com/Lafetz/showdown-trivia-game/internal/web/views/components/header_templ.go:34.32,36.4 1 0
github.com/Lafetz/showdown-trivia-game/internal/web/views/components/header_templ.go:37.3,38.32 2 0
github.com/Lafetz/showdown-trivia-game/internal/web/views/components/header_templ.go:38.32,40.4 1 0
github.com/Lafetz/showdown-trivia-game/internal/web/views/components/header_templ.go:41.3,42.32 2 0
github.com/Lafetz/showdown-trivia-game/internal/web/views/components/header_templ.go:42.32,44.4 1 0
github.com/Lafetz/showdown-trivia-game/internal/web/views/components/header_templ.go:45.3,45.31 1 0
github.com/Lafetz/showdown-trivia-game/internal/web/views/components/header_templ.go:45.31,47.4 1 0
github.com/Lafetz/showdown-trivia-game/internal/web/views/components/header_templ.go:48.3,48.28 1 0
github.com/Lafetz/showdown-trivia-game/internal/web/Render/error.go:10.67,13.16 3 0
github.com/Lafetz/showdown-trivia-game/internal/web/Render/error.go:13.16,15.3 1 0
github.com/Lafetz/showdown-trivia-game/internal/web/Render/error.go:16.2,16.12 1 0
github.com/Lafetz/showdown-trivia-game/internal/web/Render/error.go:18.61,21.16 3 0
github.com/Lafetz/showdown-trivia-game/internal/web/Render/error.go:21.16,23.3 1 0
github.com/Lafetz/showdown-trivia-game/internal/web/Render/error.go:24.2,24.12 1 0
github.com/Lafetz/showdown-trivia-game/internal/web/Render/html.go:13.74,16.16 3 0
github.com/Lafetz/showdown-trivia-game/internal/web/Render/html.go:16.16,18.3 1 0
github.com/Lafetz/showdown-trivia-game/internal/web/Render/html.go:19.2,19.12 1 0
github.com/Lafetz/showdown-trivia-game/internal/web/Render/html.go:22.92,26.16 4 0
github.com/Lafetz/showdown-trivia-game/internal/web/Render/html.go:26.16,28.3 1 0
github.com/Lafetz/showdown-trivia-game/internal/web/Render/html.go:29.2,29.12 1 0
github.com/Lafetz/showdown-trivia-game/internal/web/Render/html.go:31.75,35.16 4 0
github.com/Lafetz/showdown-trivia-game/internal/web/Render/html.go:35.16,37.3 1 0
github.com/Lafetz/showdown-trivia-game/internal/web/Render/html.go:38.2,38.12 1 0
github.com/Lafetz/showdown-trivia-game/internal/web/Render/html.go:40.92,45.2 4 0
github.com/Lafetz/showdown-trivia-game/internal/web/Render/html.go:46.89,49.16 3 0
github.com/Lafetz/showdown-trivia-game/internal/web/Render/html.go:49.16,51.3 1 0
github.com/Lafetz/showdown-trivia-game/internal/web/Render/html.go:52.2,52.12 1 0
github.com/Lafetz/showdown-trivia-game/internal/web/Render/ws.go:14.89,17.16 3 0
github.com/Lafetz/showdown-trivia-game/internal/web/Render/ws.go:17.16,19.3 1 0
github.com/Lafetz/showdown-trivia-game/internal/web/Render/ws.go:20.2,20.12 1 0
github.com/Lafetz/showdown-trivia-game/internal/web/Render/ws.go:22.63,25.2 2 1
github.com/Lafetz/showdown-trivia-game/internal/web/Render/ws.go:26.76,29.2 2 0
github.com/Lafetz/showdown-trivia-game/internal/web/Render/ws.go:30.54,33.2 2 0
github.com/Lafetz/showdown-trivia-game/internal/web/Render/ws.go:35.50,38.2 2 0
github.com/Lafetz/showdown-trivia-game/internal/web/Render/ws.go:39.56,42.2 2 0
github.com/Lafetz/showdown-trivia-game/internal/web/Render/ws.go:43.57,47.2 3 1
github.com/Lafetz/showdown-trivia-game/internal/web/views/components/error_templ.go:13.39,14.110 1 0
github.com/Lafetz/showdown-trivia-game/internal/web/views/components/error_templ.go:14.110,16.31 2 0
github.com/Lafetz/showdown-trivia-game/internal/web/views/components/error_templ.go:16.31,19.4 2 0
github.com/Lafetz/showdown-trivia-game/internal/web/views/components/error_templ.go:20.3,22.33 3 0
github.com/Lafetz/showdown-trivia-game/internal/web/views/components/error_templ.go:22.33,24.4 1 0
github.com/Lafetz/showdown-trivia-game/internal/web/views/components/error_templ.go:25.3,26.31 2 0
github.com/Lafetz/showdown-trivia-game/internal/web/views/components/error_templ.go:26.31,28.4 1 0
github.com/Lafetz/showdown-trivia-game/internal/web/views/components/error_templ.go:29.3,29.28 1 0
github.com/Lafetz/showdown-trivia-game/internal/web/views/components/game_templ.go:20.50,21.110 1 0
github.com/Lafetz/showdown-trivia-game/internal/web/views/components/game_templ.go:21.110,23.31 2 0
github.com/Lafetz/showdown-trivia-game/internal/web/views/components/game_templ.go:23.31,26.4 2 0
github.com/Lafetz/showdown-trivia-game/internal/web/views/components/game_templ.go:27.3,29.33 3 0
github.com/Lafetz/showdown-trivia-game/internal/web/views/components/game_templ.go:29.33,31.4 1 0
github.com/Lafetz/showdown-trivia-game/internal/web/views/components/game_templ.go:32.3,33.12 2 0
github.com/Lafetz/showdown-trivia-game/internal/web/views/components/game_templ.go:33.12,35.33 2 0
github.com/Lafetz/showdown-trivia-game/internal/web/views/components/game_templ.go:35.33,37.5 1 0
github.com/Lafetz/showdown-trivia-game/internal/web/views/components/game_templ.go:38.4,39.33 2 0
github.com/Lafetz/showdown-trivia-game/internal/web/views/components/game_templ.go:39.33,41.5 1 0
github.com/Lafetz/showdown-trivia-game/internal/web/views/components/game_templ.go:42.4,43.33 2 0
github.com/Lafetz/showdown-trivia-game/internal/web/views/components/game_templ.go:43.33,45.5 1 0
github.com/Lafetz/showdown-trivia-game/internal/web/views/components/game_templ.go:46.9,48.33 2 0
github.com/Lafetz/showdown-trivia-game/internal/web/views/components/game_templ.go:48.33,50.5 1 0
github.com/Lafetz/showdown-trivia-game/internal/web/views/components/game_templ.go:51.4,53.33 3 0
github.com/Lafetz/showdown-trivia-game/internal/web/views/components/game_templ.go:53.33,55.5 1 0
github.com/Lafetz/showdown-trivia-game/internal/web/views/components/game_templ.go:56.4,57.33 2 0
github.com/Lafetz/showdown-trivia-game/internal/web/views/components/game_templ.go:57.33,59.5 1 0
github.com/Lafetz/showdown-trivia-game/internal/web/views/components/game_templ.go:60.4,61.33 2 0
github.com/Lafetz/showdown-trivia-game/internal/web/views/components/game_templ.go:61.33,63.5 1 0
github.com/Lafetz/showdown-trivia-game/internal/web/views/components/game_templ.go:64.4,65.33 2 0
github.com/Lafetz/showdown-trivia-game/internal/web/views/components/game_templ.go:65.33,67.5 1 0
github.com/Lafetz/showdown-trivia-game/internal/web/views/components/game_templ.go:68.4,69.33 2 0
github.com/Lafetz/showdown-trivia-game/internal/web/views/components/game_templ.go:69.33,71.5 1 0
github.com/Lafetz/showdown-trivia-game/internal/web/views/components/game_templ.go:73.3,73.31 1 0
github.com/Lafetz/showdown-trivia-game/internal/web/views/components/game_templ.go:73.31,75.4 1 0
github.com/Lafetz/showdown-trivia-game/internal/web/views/components/game_templ.go:76.3,76.28 1 0
github.com/Lafetz/showdown-trivia-game/internal/web/views/components/game_templ.go:80.59,81.110 1 1
github.com/Lafetz/showdown-trivia-game/internal/web/views/components/game_templ.go:81.110,83.31 2 1
github.com/Lafetz/showdown-trivia-game/internal/web/views/components/game_templ.go:83.31,86.4 2 0
github.com/Lafetz/showdown-trivia-game/internal/web/views/components/game_templ.go:87.3,89.33 3 1
github.com/Lafetz/showdown-trivia-game/internal/web/views/components/game_templ.go:89.33,91.4 1 0
github.com/Lafetz/showdown-trivia-game/internal/web/views/components/game_templ.go:92.3,94.32 3 1
github.com/Lafetz/showdown-trivia-game/internal/web/views/components/game_templ.go:94.32,96.4 1 0
github.com/Lafetz/showdown-trivia-game/internal/web/views/components/game_templ.go:97.3,99.32 3 1
github.com/Lafetz/showdown-trivia-game/internal/web/views/components/game_templ.go:99.32,101.4 1 0
github.com/Lafetz/showdown-trivia-game/internal/web/views/components/game_templ.go:102.3,103.32 2 1
github.com/Lafetz/showdown-trivia-game/internal/web/views/components/game_templ.go:103.32,105.4 1 0
github.com/Lafetz/showdown-trivia-game/internal/web/views/components/game_templ.go:106.3,107.32 2 1
github.com/Lafetz/showdown-trivia-game/internal/web/views/components/game_templ.go:107.32,109.4 1 0
github.com/Lafetz/showdown-trivia-game/internal/web/views/components/game_templ.go:110.3,110.34 1 1
github.com/Lafetz/showdown-trivia-game/internal/web/views/components/game_templ.go:110.34,112.33 2 1
github.com/Lafetz/showdown-trivia-game/internal/web/views/components/game_templ.go:112.33,114.5 1 0
github.com/Lafetz/showdown-trivia-game/internal/web/views/components/game_templ.go:115.4,117.33 3 1
github.com/Lafetz/showdown-trivia-game/internal/web/views/components/game_templ.go:117.33,119.5 1 0
github.com/Lafetz/showdown-trivia-game/internal/web/views/components/game_templ.go:120.4,121.33 2 1
github.com/Lafetz/showdown-trivia-game/internal/web/views/components/game_templ.go:121.33,123.5 1 0
github.com/Lafetz/showdown-trivia-game/internal/web/views/components/game_templ.go:124.4,125.33 2 1
github.com/Lafetz/showdown-trivia-game/internal/web/views/components/game_templ.go:125.33,127.5 1 0
github.com/Lafetz/showdown-trivia-game/internal/web/views/components/game_templ.go:129.3,130.32 2 1
github.com/Lafetz/showdown-trivia-game/internal/web/views/components/game_templ.go:130.32,132.4 1 0
github.com/Lafetz/showdown-trivia-game/internal/web/views/components/game_templ.go:133.3,133.31 1 1
github.com/Lafetz/showdown-trivia-game/internal/web/views/components/game_templ.go:133.31,135.4 1 0
github.com/Lafetz/showdown-trivia-game/internal/web/views/components/game_templ.go:136.3,136.28 1 1
github.com/Lafetz/showdown-trivia-game/internal/web/views/components/game_templ.go:140.59,141.110 1 0
github.com/Lafetz/showdown-trivia-game/internal/web/views/components/game_templ.go:141.110,143.31 2 0
github.com/Lafetz/showdown-trivia-game/internal/web/views/components/game_templ.go:143.31,146.4 2 0
github.com/Lafetz/showdown-trivia-game/internal/web/views/components/game_templ.go:147.3,149.33 3 0
github.com/Lafetz/showdown-trivia-game/internal/web/views/components/game_templ.go:149.33,151.4 1 0
github.com/Lafetz/showdown-trivia-game/internal/web/views/components/game_templ.go:152.3,154.32 3 0
github.com/Lafetz/showdown-trivia-game/internal/web/views/components/game_templ.go:154.32,156.4 1 0
github.com/Lafetz/showdown-trivia-game/internal/web/views/components/game_templ.go:157.3,157.30 1 0
github.com/Lafetz/showdown-trivia-game/internal/web/views/components/game_templ.go:157.30,159.33 2 0
github.com/Lafetz/showdown-trivia-game/internal/web/views/components/game_templ.go:159.33,161.5 1 0
github.com/Lafetz/showdown-trivia-game/internal/web/views/components/game_templ.go:162.4,164.33 3 0
github.com/Lafetz/showdown-trivia-game/internal/web/views/components/game_templ.go:164.33,166.5 1 0
github.com/Lafetz/showdown-trivia-game/internal/web/views/components/game_templ.go:167.4,168.33 2 0
github.com/Lafetz/showdown-trivia-game/internal/web/views/components/game_templ.go:168.33,170.5 1 0
github.com/Lafetz/showdown-trivia-game/internal/web/views/components/game_templ.go:171.4,172.33 2 0
github.com/Lafetz/showdown-trivia-game/internal/web/views/components/game_templ.go:172.33,174.5 1 0
github.com/Lafetz/showdown-trivia-game/internal/web/views/components/game_templ.go:175.4,177.33 3 0
github.com/Lafetz/showdown-trivia-game/internal/web/views/components/game_templ.go:177.33,179.5 1 0
github.com/Lafetz/showdown-trivia-game/internal/web/views/components/game_templ.go:180.4,181.33 2 0
github.com/Lafetz/showdown-trivia-game/internal/web/views/components/game_templ.go:181.33,183.5 1 0
github.com/Lafetz/showdown-trivia-game/internal/web/views/components/game_templ.go:184.4,185.33 2 0
github.com/Lafetz/showdown-trivia-game/internal/web/views/components/game_templ.go:185.33,187.5 1 0
github.com/Lafetz/showdown-trivia-game/internal/web/views/components/game_templ.go:188.4,190.33 3 0
github.com/Lafetz/showdown-trivia-game/internal/web/views/components/game_templ.go:190.33,192.5 1 0
github.com/Lafetz/showdown-trivia-game/internal/web/views/components/game_templ.go:193.4,194.33 2 0
github.com/Lafetz/showdown-trivia-game/internal/web/views/components/game_templ.go:194.33,196.5 1 0
github.com/Lafetz/showdown-trivia-game/internal/web/views/components/game_templ.go:197.4,198.33 2 0
github.com/Lafetz/showdown-trivia-game/internal/web/views/components/game_templ.go:198.33,200.5 1 0
github.com/Lafetz/showdown-trivia-game/internal/web/views/components/game_templ.go:202.3,203.32 2 0
github.com/Lafetz/showdown-trivia-game/internal/web/views/components/game_templ.go:203.32,205.4 1 0
github.com/Lafetz/showdown-trivia-game/internal/web/views/components/game_templ.go:206.3,206.31 1 0
github.com/Lafetz/showdown-trivia-game/internal/web/views/components/game_templ.go:206.31,208.4 1 0
github.com/Lafetz/showdown-trivia-game/internal/web/views/components/game_templ.go:209.3,209.28 1 0
github.com/Lafetz/showdown-trivia-game/internal/web/views/components/game_templ.go:213.72,214.110 1 0
github.com/Lafetz/showdown-trivia-game/internal/web/views/components/game_templ.go:214.110,216.31 2 0
github.com/Lafetz/showdown-trivia-game/internal/web/views/components/game_templ.go:216.31,219.4 2 0
github.com/Lafetz/showdown-trivia-game/internal/web/views/components/game_templ.go:220.3,222.34 3 0
github.com/Lafetz/showdown-trivia-game/internal/web/views/components/game_templ.go:222.34,224.4 1 0
github.com/Lafetz/showdown-trivia-game/internal/web/views/components/game_templ.go:225.3,227.32 3 0
github.com/Lafetz/showdown-trivia-game/internal/web/views/components/game_templ.go:227.32,229.4 1 0
github.com/Lafetz/showdown-trivia-game/internal/web/views/components/game_templ.go:230.3,232.32 3 0
github.com/Lafetz/showdown-trivia-game/internal/web/views/components/game_templ.go:232.32,234.4 1 0
github.com/Lafetz/showdown-trivia-game/internal/web/views/components/game_templ.go:235.3,236.32 2 0
github.com/Lafetz/showdown-trivia-game/internal/web/views/components/game_templ.go:236.32,238.4 1 0
github.com/Lafetz/showdown-trivia-game/internal/web/views/components/game_templ.go:239.3,240.32 2 0
github.com/Lafetz/showdown-trivia-game/internal/web/views/components/game_templ.go:240.32,242.4 1 0
github.com/Lafetz/showdown-trivia-game/internal/web/views/components/game_templ.go:243.3,245.32 3 0
github.com/Lafetz/showdown-trivia-game/internal/web/views/components/game_templ.go:245.32,247.4 1 0
github.com/Lafetz/showdown-trivia-game/internal/web/views/components/game_templ.go:248.3,249.32 2 0
github.com/Lafetz/showdown-trivia-game/internal/web/views/components/game_templ.go:249.32,251.4 1 0
github.com/Lafetz/showdown-trivia-game/internal/web/views/components/game_templ.go:252.3,253.32 2 0
github.com/Lafetz/showdown-trivia-game/internal/web/views/components/game_templ.go:253.32,255.4 1 0
github.com/Lafetz/showdown-trivia-game/internal/web/views/components/game_templ.go:256.3,258.32 3 0
github.com/Lafetz/showdown-trivia-game/internal/web/views/components/game_templ.go:258.32,260.4 1 0
github.com/Lafetz/showdown-trivia-game/internal/web/views/components/game_templ.go:261.3,262.32 2 0
github.com/Lafetz/showdown-trivia-game/internal/web/views/components/game_templ.go:262.32,264.4 1 0
github.com/Lafetz/showdown-trivia-game/internal/web/views/components/game_templ.go:265.3,266.32 2 0
github.com/Lafetz/showdown-trivia-game/internal/web/views/components/game_templ.go:266.32,268.4 1 0
github.com/Lafetz/showdown-trivia-game/internal/web/views/components/game_templ.go:269.3,269.31 1 0
github.com/Lafetz/showdown-trivia-game/internal/web/views/components/game_templ.go:269.31,271.33 2 0
github.com/Lafetz/showdown-trivia-game/internal/web/views/components/game_templ.go:271.33,273.5 1 0
github.com/Lafetz/showdown-trivia-game/internal/web/views/components/game_templ.go:275.3,276.32 2 0
github.com/Lafetz/showdown-trivia-game/internal/web/views/components/game_templ.go:276.32,278.4 1 0
github.com/Lafetz/showdown-trivia-game/internal/web/views/components/game_templ.go:279.3,279.31 1 0
github.com/Lafetz/showdown-trivia-game/internal/web/views/components/game_templ.go:279.31,281.4 1 0
github.com/Lafetz/showdown-trivia-game/internal/web/views/components/game_templ.go:282.3,282.28 1 0
github.com/Lafetz/showdown-trivia-game/internal/web/views/components/game_templ.go:286.48,287.110 1 0
github.com/Lafetz/showdown-trivia-game/internal/web/views/components/game_templ.go:287.110,289.31 2 0
github.com/Lafetz/showdown-trivia-game/internal/web/views/components/game_templ.go:289.31,292.4 2 0
github.com/Lafetz/showdown-trivia-game/internal/web/views/components/game_templ.go:293.3,295.34 3 0
github.com/Lafetz/showdown-trivia-game/internal/web/views/components/game_templ.go:295.34,297.4 1 0
github.com/Lafetz/showdown-trivia-game/internal/web/views/components/game_templ.go:298.3,300.32 3 0
github.com/Lafetz/showdown-trivia-game/internal/web/views/components/game_templ.go:300.32,302.4 1 0
github.com/Lafetz/showdown-trivia-game/internal/web/views/components/game_templ.go:303.3,305.32 3 0
github.com/Lafetz/showdown-trivia-game/internal/web/views/components/game_templ.go:305.32,307.4 1 0
github.com/Lafetz/showdown-trivia-game/internal/web/views/components/game_templ.go:308.3,309.32 2 0
github.com/Lafetz/showdown-trivia-game/internal/web/views/components/game_templ.go:309.32,311.4 1 0
github.com/Lafetz/showdown-trivia-game/internal/web/views/components/game_templ.go:312.3,313.32 2 0
github.com/Lafetz/showdown-trivia-game/internal/web/views/components/game_templ.go:313.32,315.4 1 0
github.com/Lafetz/showdown-trivia-game/internal/web/views/components/game_templ.go:316.3,316.31 1 0
github.com/Lafetz/showdown-trivia-game/internal/web/views/components/game_templ.go:316.31,318.4 1 0
github.com/Lafetz/showdown-trivia-game/internal/web/views/components/game_templ.go:319.3,319.28 1 0
github.com/Lafetz/showdown-trivia-game/internal/web/views/components/game_templ.go:323.51,324.110 1 0
github.com/Lafetz/showdown-trivia-game/internal/web/views/components/game_templ.go:324.110,326.31 2 0
github.com/Lafetz/showdown-trivia-game/internal/web/views/components/game_templ.go:326.31,329.4 2 0
github.com/Lafetz/showdown-trivia-game/internal/web/views/components/game_templ.go:330.3,332.34 3 0
github.com/Lafetz/showdown-trivia-game/internal/web/views/components/game_templ.go:332.34,334.4 1 0
github.com/Lafetz/showdown-trivia-game/internal/web/views/components/game_templ.go:335.3,337.32 3 0
github.com/Lafetz/showdown-trivia-game/internal/web/views/components/game_templ.go:337.32,339.4 1 0
github.com/Lafetz/showdown-trivia-game/internal/web/views/components/game_templ.go:340.3,342.32 3 0
github.com/Lafetz/showdown-trivia-game/internal/web/views/components/game_templ.go:342.32,344.4 1 0
github.com/Lafetz/showdown-trivia-game/internal/web/views/components/game_templ.go:345.3,346.32 2 0
github.com/Lafetz/showdown-trivia-game/internal/web/views/components/game_templ.go:346.32,348.4 1 0
github.com/Lafetz/showdown-trivia-game/internal/web/views/components/game_templ.go:349.3,350.32 2 0
github.com/Lafetz/showdown-trivia-game/internal/web/views/components/game_templ.go:350.32,352.4 1 0
github.com/Lafetz/showdown-trivia-game/internal/web/views/components/game_templ.go:353.3,355.32 3 0
github.com/Lafetz/showdown-trivia-game/internal/web/views/components/game_templ.go:355.32,357.4 1 0
github.com/Lafetz/showdown-trivia-game/internal/web/views/components/game_templ.go:358.3,359.32 2 0
github.com/Lafetz/showdown-trivia-game/internal/web/views/components/game_templ.go:359.32,361.4 1 0
github.com/Lafetz/showdown-trivia-game/internal/web/views/components/game_templ.go:362.3,363.32 2 0
github.com/Lafetz/showdown-trivia-game/internal/web/views/components/game_templ.go:363.32,365.4 1 0
github.com/Lafetz/showdown-trivia-game/internal/web/views/components/game_templ.go:366.3,366.31 1 0
github.com/Lafetz/showdown-trivia-game/internal/web/views/components/game_templ.go:366.31,368.4 1 0
github.com/Lafetz/showdown-trivia-game/internal/web/views/components/game_templ.go:369.3,369.28 1 0
github.com/Lafetz/showdown-trivia-game/internal/web/views/components/game_templ.go:373.31,375.11 2 0
github.com/Lafetz/showdown-trivia-game/internal/web/views/components/game_templ.go:376.9,377.15 1 0
github.com/Lafetz/showdown-trivia-game/internal/web/views/components/game_templ.go:378.9,379.15 1 0
github.com/Lafetz/showdown-trivia-game/internal/web/views/components/game_templ.go:380.9,381.15 1 0
github.com/Lafetz/showdown-trivia-game/internal/web/views/components/game_templ.go:382.9,383.15 1 0
github.com/Lafetz/showdown-trivia-game/internal/web/views/components/game_templ.go:384.10,385.15 1 0
github.com/Lafetz/showdown-trivia-game/internal/web/views/components/game_templ.go:387.2,387.72 1 0
github.com/Lafetz/showdown-trivia-game/internal/web/views/components/game_templ.go:390.46,391.110 1 0
github.com/Lafetz/showdown-trivia-game/internal/web/views/components/game_templ.go:391.110,393.31 2 0
github.com/Lafetz/showdown-trivia-game/internal/web/views/components/game_templ.go:393.31,396.4 2 0
github.com/Lafetz/showdown-trivia-game/internal/web/views/components/game_templ.go:397.3,399.34 3 0
github.com/Lafetz/showdown-trivia-game/internal/web/views/components/game_templ.go:399.34,401.4 1 0
github.com/Lafetz/showdown-trivia-game/internal/web/views/components/game_templ.go:402.3,404.32 3 0
github.com/Lafetz/showdown-trivia-game/internal/web/views/components/game_templ.go:404.32,406.4 1 0
github.com/Lafetz/showdown-trivia-game/internal/web/views/components/game_templ.go:407.3,409.32 3 0
github.com/Lafetz/showdown-trivia-game/internal/web/views/components/game_templ.go:409.32,411.4 1 0
github.com/Lafetz/showdown-trivia-game/internal/web/views/components/game_templ.go:412.3,413.32 2 0
github.com/Lafetz/showdown-trivia-game/internal/web/views/components/game_templ.go:413.32,415.4 1 0
github.com/Lafetz/showdown-trivia-game/internal/web/views/components/game_templ.go:416.3,417.32 2 0
github.com/Lafetz/showdown-trivia-game/internal/web/views/components/game_templ.go:417.32,419.4 1 0
github.com/Lafetz/showdown-trivia-game/internal/web/views/components/game_templ.go:420.3,420.31 1 0
github.com/Lafetz/showdown-trivia-game/internal/web/views/components/game_templ.go:420.31,422.4 1 0
github.com/Lafetz/showdown-trivia-game/internal/web/views/components/game_templ.go:423.3,423.28 1 0
github.com/Lafetz/showdown-trivia-game/internal/web/views/components/game_templ.go:427.59,428.110 1 0
github.com/Lafetz/showdown-trivia-game/internal/web/views/components/game_templ.go:428.110,430.31 2 0
github.com/Lafetz/showdown-trivia-game/internal/web/views/components/game_templ.go:430.31,433.4 2 0
github.com/Lafetz/showdown-trivia-game/internal/web/views/components/game_templ.go:434.3,436.34 3 0
github.com/Lafetz/showdown-trivia-game/internal/web/views/components/game_templ.go:436.34,438.4 1 0
github.com/Lafetz/showdown-trivia-game/internal/web/views/components/game_templ.go:439.3,441.32 3 0
github.com/Lafetz/showdown-trivia-game/internal/web/views/components/game_templ.go:441.32,443.4 1 0
github.com/Lafetz/showdown-trivia-game/internal/web/views/components/game_templ.go:444.3,444.38 1 0
github.com/Lafetz/showdown-trivia-game/internal/web/views/components/game_templ.go:444.38,446.33 2 0
github.com/Lafetz/showdown-trivia-game/internal/web/views/components/game_templ.go:446.33,448.5 1 0
github.com/Lafetz/showdown-trivia-game/internal/web/views/components/game_templ.go:449.4,451.33 3 0
github.com/Lafetz/showdown-trivia-game/internal/web/views/components/game_templ.go:451.33,453.5 1 0
github.com/Lafetz/showdown-trivia-game/internal/web/views/components/game_templ.go:454.4,455.33 2 0
github.com/Lafetz/showdown-trivia-game/internal/web/views/components/game_templ.go:455.33,457.5 1 0
github.com/Lafetz/showdown-trivia-game/internal/web/views/components/game_templ.go:458.4,460.33 3 0
github.com/Lafetz/showdown-trivia-game/internal/web/views/components/game_templ.go:460.33,462.5 1 0
github.com/Lafetz/showdown-trivia-game/internal/web/views/components/game_templ.go:463.4,464.33 2 0
github.com/Lafetz/showdown-trivia-game/internal/web/views/components/game_templ.go:464.33,466.5 1 0
github.com/Lafetz/showdown-trivia-game/internal/web/views/components/game_templ.go:467.4,468.33 2 0
github.com/Lafetz/showdown-trivia-game/internal/web/views/components/game_templ.go:468.33,470.5 1 0
github.com/Lafetz/showdown-trivia-game/internal/web/views/components/game_templ.go:471.4,473.33 3 0
github.com/Lafetz/showdown-trivia-game/internal/web/views/components/game_templ.go:473.33,475.5 1 0
github.com/Lafetz/showdown-trivia-game/internal/web/views/components/game_templ.go:476.4,477.33 2 0
github.com/Lafetz/showdown-trivia-game/internal/web/views/components/game_templ.go:477.33,479.5 1 0
github.com/Lafetz/showdown-trivia-game/internal/web/views/components/game_templ.go:480.4,481.33 2 0
github.com/Lafetz/showdown-trivia-game/internal/web/views/components/game_templ.go:481.33,483.5 1 0
github.com/Lafetz/showdown-trivia-game/internal/web/views/components/game_templ.go:485.3,486.32 2 0
github.com/Lafetz/showdown-trivia-game/internal/web/views/components/game_templ.go:486.32,488.4 1 0
github.com/Lafetz/showdown-trivia-game/internal/web/views/components/game_templ.go:489.3,489.31 1 0
github.com/Lafetz/showdown-trivia-game/internal/web/views/components/game_templ.go:489.31,491.4 1 0
github.com/Lafetz/showdown-trivia-game/internal/web/views/components/game_templ.go:492.3,492.28 1 0
github.com/Lafetz/showdown-trivia-game/internal/web/views/components/header_templ.go:15.46,16.110 1 0
github.com/Lafetz/showdown-trivia-game/internal/web/views/components/header_templ.go:16.110,18.31 2 0
github.com/Lafetz/showdown-trivia-game/internal/web/views/components/header_templ.go:18.31,21.4 2 0
github.com/Lafetz/showdown-trivia-game/internal/web/views/components/header_templ.go:22.3,24.33 3 0
github.com/Lafetz/showdown-trivia-game/internal/web/views/components/header_templ.go:24.33,26.4 1 0
github.com/Lafetz/showdown-trivia-game/internal/web/views/components/header_templ.go:27.3,29.32 3 0
github.com/Lafetz/showdown-trivia-game/internal/web/views/components/header_templ.go:29.32,31.4 1 0
github.com/Lafetz/showdown-trivia-game/internal/web/views/components/header_templ.go:32.3,34.32 3 0
github.com/Lafetz/showdown-trivia-game/internal/web/views/components/header_templ.go:34.32,36.4 1 0
github.com/Lafetz/showdown-trivia-game/internal/web/views/components/header_templ.go:37.3,38.32 2 0
github.com/Lafetz/showdown-trivia-game/internal/web/views/components/header_templ.go:38.32,40.4 1 0
github.com/Lafetz/showdown-trivia-game/internal/web/views/components/header_templ.go:41.3,42.32 2 0
github.com/Lafetz/showdown-trivia-game/internal/web/views/components/header_templ.go:42.32,44.4 1 0
github.com/Lafetz/showdown-trivia-game/internal/web/views/components/header_templ.go:45.3,45.31 1 0
github.com/Lafetz/showdown-trivia-game/internal/web/views/components/header_templ.go:45.31,47.4 1 0
github.com/Lafetz/showdown-trivia-game/internal/web/views/components/header_templ.go:48.3,48.28 1 0
github.com/Lafetz/showdown-trivia-game/internal/web/views/layouts/base.component_templ.go:13.67,14.110 1 0
github.com/Lafetz/showdown-trivia-game/internal/web/views/layouts/base.component_templ.go:14.110,16.31 2 0
github.com/Lafetz/showdown-trivia-game/internal/web/views/layouts/base.component_templ.go:16.31,19.4 2 0
github.com/Lafetz/showdown-trivia-game/internal/web/views/layouts/base.component_templ.go:20.3,22.33 3 0
github.com/Lafetz/showdown-trivia-game/internal/web/views/layouts/base.component_templ.go:22.33,24.4 1 0
github.com/Lafetz/showdown-trivia-game/internal/web/views/layouts/base.component_templ.go:25.3,27.32 3 0
github.com/Lafetz/showdown-trivia-game/internal/web/views/layouts/base.component_templ.go:27.32,29.4 1 0
github.com/Lafetz/showdown-trivia-game/internal/web/views/layouts/base.component_templ.go:30.3,32.32 3 0
github.com/Lafetz/showdown-trivia-game/internal/web/views/layouts/base.component_templ.go:32.32,34.4 1 0
github.com/Lafetz/showdown-trivia-game/internal/web/views/layouts/base.component_templ.go:35.3,36.32 2 0
github.com/Lafetz/showdown-trivia-game/internal/web/views/layouts/base.component_templ.go:36.32,38.4 1 0
github.com/Lafetz/showdown-trivia-game/internal/web/views/layouts/base.component_templ.go:39.3,40.32 2 0
github.com/Lafetz/showdown-trivia-game/internal/web/views/layouts/base.component_templ.go:40.32,42.4 1 0
github.com/Lafetz/showdown-trivia-game/internal/web/views/layouts/base.component_templ.go:43.3,44.32 2 0
github.com/Lafetz/showdown-trivia-game/internal/web/views/layouts/base.component_templ.go:44.32,46.4 1 0
github.com/Lafetz/showdown-trivia-game/internal/web/views/layouts/base.component_templ.go:47.3,48.32 2 0
github.com/Lafetz/showdown-trivia-game/internal/web/views/layouts/base.component_templ.go:48.32,50.4 1 0
github.com/Lafetz/showdown-trivia-game/internal/web/views/layouts/base.component_templ.go:51.3,51.31 1 0
github.com/Lafetz/showdown-trivia-game/internal/web/views/layouts/base.component_templ.go:51.31,53.4 1 0
github.com/Lafetz/showdown-trivia-game/internal/web/views/layouts/base.component_templ.go:54.3,54.28 1 0
github.com/Lafetz/showdown-trivia-game/internal/web/views/pages/home_templ.go:15.44,16.110 1 0
github.com/Lafetz/showdown-trivia-game/internal/web/views/pages/home_templ.go:16.110,18.31 2 0
github.com/Lafetz/showdown-trivia-game/internal/web/views/pages/home_templ.go:18.31,21.4 2 0
github.com/Lafetz/showdown-trivia-game/internal/web/views/pages/home_templ.go:22.3,24.33 3 0
github.com/Lafetz/showdown-trivia-game/internal/web/views/pages/home_templ.go:24.33,26.4 1 0
github.com/Lafetz/showdown-trivia-game/internal/web/views/pages/home_templ.go:27.3,29.32 3 0
github.com/Lafetz/showdown-trivia-game/internal/web/views/pages/home_templ.go:29.32,31.4 1 0
github.com/Lafetz/showdown-trivia-game/internal/web/views/pages/home_templ.go:32.3,33.32 2 0
github.com/Lafetz/showdown-trivia-game/internal/web/views/pages/home_templ.go:33.32,35.4 1 0
github.com/Lafetz/showdown-trivia-game/internal/web/views/pages/home_templ.go:36.3,36.31 1 0
github.com/Lafetz/showdown-trivia-game/internal/web/views/pages/home_templ.go:36.31,38.4 1 0
github.com/Lafetz/showdown-trivia-game/internal/web/views/pages/home_templ.go:39.3,39.28 1 0
github.com/Lafetz/showdown-trivia-game/internal/web/views/pages/internalError_templ.go:13.38,14.110 1 0
github.com/Lafetz/showdown-trivia-game/internal/web/views/pages/internalError_templ.go:14.110,16.31 2 0
github.com/Lafetz/showdown-trivia-game/internal/web/views/pages/internalError_templ.go:16.31,19.4 2 0
github.com/Lafetz/showdown-trivia-game/internal/web/views/pages/internalError_templ.go:20.3,22.33 3 0
github.com/Lafetz/showdown-trivia-game/internal/web/views/pages/internalError_templ.go:22.33,24.4 1 0
github.com/Lafetz/showdown-trivia-game/internal/web/views/pages/internalError_templ.go:25.3,27.32 3 0
github.com/Lafetz/showdown-trivia-game/internal/web/views/pages/internalError_templ.go:27.32,29.4 1 0
github.com/Lafetz/showdown-trivia-game/internal/web/views/pages/internalError_templ.go:30.3,30.31 1 0
github.com/Lafetz/showdown-trivia-game/internal/web/views/pages/internalError_templ.go:30.31,32.4 1 0
github.com/Lafetz/showdown-trivia-game/internal/web/views/pages/internalError_templ.go:33.3,33.28 1 0
github.com/Lafetz/showdown-trivia-game/internal/web/views/pages/notfounderror_templ.go:13.33,14.110 1 0
github.com/Lafetz/showdown-trivia-game/internal/web/views/pages/notfounderror_templ.go:14.110,16.31 2 0
github.com/Lafetz/showdown-trivia-game/internal/web/views/pages/notfounderror_templ.go:16.31,19.4 2 0
github.com/Lafetz/showdown-trivia-game/internal/web/views/pages/notfounderror_templ.go:20.3,22.33 3 0
github.com/Lafetz/showdown-trivia-game/internal/web/views/pages/notfounderror_templ.go:22.33,24.4 1 0
github.com/Lafetz/showdown-trivia-game/internal/web/views/pages/notfounderror_templ.go:25.3,27.32 3 0
github.com/Lafetz/showdown-trivia-game/internal/web/views/pages/notfounderror_templ.go:27.32,29.4 1 0
github.com/Lafetz/showdown-trivia-game/internal/web/views/pages/notfounderror_templ.go:30.3,30.31 1 0
github.com/Lafetz/showdown-trivia-game/internal/web/views/pages/notfounderror_templ.go:30.31,32.4 1 0
github.com/Lafetz/showdown-trivia-game/internal/web/views/pages/notfounderror_templ.go:33.3,33.28 1 0
github.com/Lafetz/showdown-trivia-game/internal/web/views/pages/signin_templ.go:15.67,16.110 1 0
github.com/Lafetz/showdown-trivia-game/internal/web/views/pages/signin_templ.go:16.110,18.31 2 0
github.com/Lafetz/showdown-trivia-game/internal/web/views/pages/signin_templ.go:18.31,21.4 2 0
github.com/Lafetz/showdown-trivia-game/internal/web/views/pages/signin_templ.go:22.3,24.33 3 0
github.com/Lafetz/showdown-trivia-game/internal/web/views/pages/signin_templ.go:24.33,26.4 1 0
github.com/Lafetz/showdown-trivia-game/internal/web/views/pages/signin_templ.go:27.3,29.32 3 0
github.com/Lafetz/showdown-trivia-game/internal/web/views/pages/signin_templ.go:29.32,31.4 1 0
github.com/Lafetz/showdown-trivia-game/internal/web/views/pages/signin_templ.go:32.3,34.32 3 0
github.com/Lafetz/showdown-trivia-game/internal/web/views/pages/signin_templ.go:34.32,36.4 1 0
github.com/Lafetz/showdown-trivia-game/internal/web/views/pages/signin_templ.go:37.3,38.32 2 0
github.com/Lafetz/showdown-trivia-game/internal/web/views/pages/signin_templ.go:38.32,40.4 1 0
github.com/Lafetz/showdown-trivia-game/internal/web/views/pages/signin_templ.go:41.3,42.32 2 0
github.com/Lafetz/showdown-trivia-game/internal/web/views/pages/signin_templ.go:42.32,44.4 1 0
github.com/Lafetz/showdown-trivia-game/internal/web/views/pages/signin_templ.go:45.3,47.32 3 0
github.com/Lafetz/showdown-trivia-game/internal/web/views/pages/signin_templ.go:47.32,49.4 1 0
github.com/Lafetz/showdown-trivia-game/internal/web/views/pages/signin_templ.go:50.3,51.32 2 0
github.com/Lafetz/showdown-trivia-game/internal/web/views/pages/signin_templ.go:51.32,53.4 1 0
github.com/Lafetz/showdown-trivia-game/internal/web/views/pages/signin_templ.go:54.3,55.32 2 0
github.com/Lafetz/showdown-trivia-game/internal/web/views/pages/signin_templ.go:55.32,57.4 1 0
github.com/Lafetz/showdown-trivia-game/internal/web/views/pages/signin_templ.go:58.3,60.32 3 0
github.com/Lafetz/showdown-trivia-game/internal/web/views/pages/signin_templ.go:60.32,62.4 1 0
github.com/Lafetz/showdown-trivia-game/internal/web/views/pages/signin_templ.go:63.3,64.32 2 0
github.com/Lafetz/showdown-trivia-game/internal/web/views/pages/signin_templ.go:64.32,66.4 1 0
github.com/Lafetz/showdown-trivia-game/internal/web/views/pages/signin_templ.go:67.3,68.32 2 0
github.com/Lafetz/showdown-trivia-game/internal/web/views/pages/signin_templ.go:68.32,70.4 1 0
github.com/Lafetz/showdown-trivia-game/internal/web/views/pages/signin_templ.go:71.3,73.32 3 0
[...]
github.com/Lafetz/showdown-trivia-game/internal/web/views/components/game_templ.go:417.32,419.4 1 0
github.com/Lafetz/showdown-trivia-game/internal/web/views/components/game_templ.go:420.3,420.31 1 0
github.com/Lafetz/showdown-trivia-game/internal/web/views/components/game_templ.go:420.31,422.4 1 0
github.com/Lafetz/showdown-trivia-game/internal/web/views/components/game_templ.go:423.3,423.28 1 0
github.com/Lafetz/showdown-trivia-game/internal/web/views/components/game_templ.go:427.59,428.110 1 0
github.com/Lafetz/showdown-trivia-game/internal/web/views/components/game_templ.go:428.110,430.31 2 0
github.com/Lafetz/showdown-trivia-game/internal/web/views/components/game_templ.go:430.31,433.4 2 0
github.com/Lafetz/showdown-trivia-game/internal/web/views/components/game_templ.go:434.3,436.34 3 0
github.com/Lafetz/showdown-trivia-game/internal/web/views/components/game_templ.go:436.34,438.4 1 0
github.com/Lafetz/showdown-trivia-game/internal/web/views/components/game_templ.go:439.3,441.32 3 0
github.com/Lafetz/showdown-trivia-game/internal/web/views/components/game_templ.go:441.32,443.4 1 0
github.com/Lafetz/showdown-trivia-game/internal/web/views/components/game_templ.go:444.3,444.38 1 0
github.com/Lafetz/showdown-trivia-game/internal/web/views/components/game_templ.go:444.38,446.33 2 0
github.com/Lafetz/showdown-trivia-game/internal/web/views/components/game_templ.go:446.33,448.5 1 0
github.com/Lafetz/showdown-trivia-game/internal/web/views/components/game_templ.go:449.4,451.33 3 0
github.com/Lafetz/showdown-trivia-game/internal/web/views/components/game_templ.go:451.33,453.5 1 0
github.com/Lafetz/showdown-trivia-game/internal/web/views/components/game_templ.go:454.4,455.33 2 0
github.com/Lafetz/showdown-trivia-game/internal/web/views/components/game_templ.go:455.33,457.5 1 0
github.com/Lafetz/showdown-trivia-game/internal/web/views/components/game_templ.go:458.4,460.33 3 0
github.com/Lafetz/showdown-trivia-game/internal/web/views/components/game_templ.go:460.33,462.5 1 0
github.com/Lafetz/showdown-trivia-game/internal/web/views/components/game_templ.go:463.4,464.33 2 0
github.com/Lafetz/showdown-trivia-game/internal/web/views/components/game_templ.go:464.33,466.5 1 0
github.com/Lafetz/showdown-trivia-game/internal/web/views/components/game_templ.go:467.4,468.33 2 0
github.com/Lafetz/showdown-trivia-game/internal/web/views/components/game_templ.go:468.33,470.5 1 0
github.com/Lafetz/showdown-trivia-game/internal/web/views/components/game_templ.go:471.4,473.33 3 0
github.com/Lafetz/showdown-trivia-game/internal/web/views/components/game_templ.go:473.33,475.5 1 0
github.com/Lafetz/showdown-trivia-game/internal/web/views/components/game_templ.go:476.4,477.33 2 0
github.com/Lafetz/showdown-trivia-game/internal/web/views/components/game_templ.go:477.33,479.5 1 0
github.com/Lafetz/showdown-trivia-game/internal/web/views/components/game_templ.go:480.4,481.33 2 0
github.com/Lafetz/showdown-trivia-game/internal/web/views/components/game_templ.go:481.33,483.5 1 0
github.com/Lafetz/showdown-trivia-game/internal/web/views/components/game_templ.go:485.3,486.32 2 0
github.com/Lafetz/showdown-trivia-game/internal/web/views/components/game_templ.go:486.32,488.4 1 0
github.com/Lafetz/showdown-trivia-game/internal/web/views/components/game_templ.go:489.3,489.31 1 0
github.com/Lafetz/showdown-trivia-game/internal/web/views/components/game_templ.go:489.31,491.4 1 0
github.com/Lafetz/showdown-trivia-game/internal/web/views/components/game_templ.go:492.3,492.28 1 0
github.com/Lafetz/showdown-trivia-game/internal/web/views/components/header_templ.go:15.46,16.110 1 1
github.com/Lafetz/showdown-trivia-game/internal/web/views/components/header_templ.go:16.110,18.31 2 1
github.com/Lafetz/showdown-trivia-game/internal/web/views/components/header_templ.go:18.31,21.4 2 0
github.com/Lafetz/showdown-trivia-game/internal/web/views/components/header_templ.go:22.3,24.33 3 1
github.com/Lafetz/showdown-trivia-game/internal/web/views/components/header_templ.go:24.33,26.4 1 0
github.com/Lafetz/showdown-trivia-game/internal/web/views/components/header_templ.go:27.3,29.32 3 1
github.com/Lafetz/showdown-trivia-game/internal/web/views/components/header_templ.go:29.32,31.4 1 0
github.com/Lafetz/showdown-trivia-game/internal/web/views/components/header_templ.go:32.3,34.32 3 1
github.com/Lafetz/showdown-trivia-game/internal/web/views/components/header_templ.go:34.32,36.4 1 0
github.com/Lafetz/showdown-trivia-game/internal/web/views/components/header_templ.go:37.3,38.32 2 1
github.com/Lafetz/showdown-trivia-game/internal/web/views/components/header_templ.go:38.32,40.4 1 0
github.com/Lafetz/showdown-trivia-game/internal/web/views/components/header_templ.go:41.3,42.32 2 1
github.com/Lafetz/showdown-trivia-game/internal/web/views/components/header_templ.go:42.32,44.4 1 0
github.com/Lafetz/showdown-trivia-game/internal/web/views/components/header_templ.go:45.3,45.31 1 1
github.com/Lafetz/showdown-trivia-game/internal/web/views/components/header_templ.go:45.31,47.4 1 0
github.com/Lafetz/showdown-trivia-game/internal/web/views/components/header_templ.go:48.3,48.28 1 1
github.com/Lafetz/showdown-trivia-game/internal/web/views/layouts/base.component_templ.go:13.67,14.110 1 1
github.com/Lafetz/showdown-trivia-game/internal/web/views/layouts/base.component_templ.go:14.110,16.31 2 1
github.com/Lafetz/showdown-trivia-game/internal/web/views/layouts/base.component_templ.go:16.31,19.4 2 1
github.com/Lafetz/showdown-trivia-game/internal/web/views/layouts/base.component_templ.go:20.3,22.33 3 1
github.com/Lafetz/showdown-trivia-game/internal/web/views/layouts/base.component_templ.go:22.33,24.4 1 0
github.com/Lafetz/showdown-trivia-game/internal/web/views/layouts/base.component_templ.go:25.3,27.32 3 1
github.com/Lafetz/showdown-trivia-game/internal/web/views/layouts/base.component_templ.go:27.32,29.4 1 0
github.com/Lafetz/showdown-trivia-game/internal/web/views/layouts/base.component_templ.go:30.3,32.32 3 1
github.com/Lafetz/showdown-trivia-game/internal/web/views/layouts/base.component_templ.go:32.32,34.4 1 0
github.com/Lafetz/showdown-trivia-game/internal/web/views/layouts/base.component_templ.go:35.3,36.32 2 1
github.com/Lafetz/showdown-trivia-game/internal/web/views/layouts/base.component_templ.go:36.32,38.4 1 0
github.com/Lafetz/showdown-trivia-game/internal/web/views/layouts/base.component_templ.go:39.3,40.32 2 1
github.com/Lafetz/showdown-trivia-game/internal/web/views/layouts/base.component_templ.go:40.32,42.4 1 0
github.com/Lafetz/showdown-trivia-game/internal/web/views/layouts/base.component_templ.go:43.3,44.32 2 1
github.com/Lafetz/showdown-trivia-game/internal/web/views/layouts/base.component_templ.go:44.32,46.4 1 0
github.com/Lafetz/showdown-trivia-game/internal/web/views/layouts/base.component_templ.go:47.3,48.32 2 1
github.com/Lafetz/showdown-trivia-game/internal/web/views/layouts/base.component_templ.go:48.32,50.4 1 0
github.com/Lafetz/showdown-trivia-game/internal/web/views/layouts/base.component_templ.go:51.3,51.31 1 1
github.com/Lafetz/showdown-trivia-game/internal/web/views/layouts/base.component_templ.go:51.31,53.4 1 1
github.com/Lafetz/showdown-trivia-game/internal/web/views/layouts/base.component_templ.go:54.3,54.28 1 1
github.com/Lafetz/showdown-trivia-game/internal/web/views/pages/home_templ.go:15.44,16.110 1 1
github.com/Lafetz/showdown-trivia-game/internal/web/views/pages/home_templ.go:16.110,18.31 2 1
github.com/Lafetz/showdown-trivia-game/internal/web/views/pages/home_templ.go:18.31,21.4 2 0
github.com/Lafetz/showdown-trivia-game/internal/web/views/pages/home_templ.go:22.3,24.33 3 1
github.com/Lafetz/showdown-trivia-game/internal/web/views/pages/home_templ.go:24.33,26.4 1 0
github.com/Lafetz/showdown-trivia-game/internal/web/views/pages/home_templ.go:27.3,29.32 3 1
github.com/Lafetz/showdown-trivia-game/internal/web/views/pages/home_templ.go:29.32,31.4 1 0
github.com/Lafetz/showdown-trivia-game/internal/web/views/pages/home_templ.go:32.3,33.32 2 1
github.com/Lafetz/showdown-trivia-game/internal/web/views/pages/home_templ.go:33.32,35.4 1 0
github.com/Lafetz/showdown-trivia-game/internal/web/views/pages/home_templ.go:36.3,36.31 1 1
github.com/Lafetz/showdown-trivia-game/internal/web/views/pages/home_templ.go:36.31,38.4 1 0
github.com/Lafetz/showdown-trivia-game/internal/web/views/pages/home_templ.go:39.3,39.28 1 1
github.com/Lafetz/showdown-trivia-game/internal/web/views/pages/internalError_templ.go:13.38,14.110 1 0
github.com/Lafetz/showdown-trivia-game/internal/web/views/pages/internalError_templ.go:14.110,16.31 2 0
github.com/Lafetz/showdown-trivia-game/internal/web/views/pages/internalError_templ.go:16.31,19.4 2 0
github.com/Lafetz/showdown-trivia-game/internal/web/views/pages/internalError_templ.go:20.3,22.33 3 0
github.com/Lafetz/showdown-trivia-game/internal/web/views/pages/internalError_templ.go:22.33,24.4 1 0
github.com/Lafetz/showdown-trivia-game/internal/web/views/pages/internalError_templ.go:25.3,27.32 3 0
github.com/Lafetz/showdown-trivia-game/internal/web/views/pages/internalError_templ.go:27.32,29.4 1 0
github.com/Lafetz/showdown-trivia-game/internal/web/views/pages/internalError_templ.go:30.3,30.31 1 0
github.com/Lafetz/showdown-trivia-game/internal/web/views/pages/internalError_templ.go:30.31,32.4 1 0
github.com/Lafetz/showdown-trivia-game/internal/web/views/pages/internalError_templ.go:33.3,33.28 1 0
github.com/Lafetz/showdown-trivia-game/internal/web/views/pages/notfounderror_templ.go:13.33,14.110 1 0
github.com/Lafetz/showdown-trivia-game/internal/web/views/pages/notfounderror_templ.go:14.110,16.31 2 0
github.com/Lafetz/showdown-trivia-game/internal/web/views/pages/notfounderror_templ.go:16.31,19.4 2 0
github.com/Lafetz/showdown-trivia-game/internal/web/views/pages/notfounderror_templ.go:20.3,22.33 3 0
github.com/Lafetz/showdown-trivia-game/internal/web/views/pages/notfounderror_templ.go:22.33,24.4 1 0
github.com/Lafetz/showdown-trivia-game/internal/web/views/pages/notfounderror_templ.go:25.3,27.32 3 0
github.com/Lafetz/showdown-trivia-game/internal/web/views/pages/notfounderror_templ.go:27.32,29.4 1 0
github.com/Lafetz/showdown-trivia-game/internal/web/views/pages/notfounderror_templ.go:30.3,30.31 1 0
github.com/Lafetz/showdown-trivia-game/internal/web/views/pages/notfounderror_templ.go:30.31,32.4 1 0
github.com/Lafetz/showdown-trivia-game/internal/web/views/pages/notfounderror_templ.go:33.3,33.28 1 0
github.com/Lafetz/showdown-trivia-game/internal/web/views/pages/signin_templ.go:15.67,16.110 1 1
github.com/Lafetz/showdown-trivia-game/internal/web/views/pages/signin_templ.go:16.110,18.31 2 1
github.com/Lafetz/showdown-trivia-game/internal/web/views/pages/signin_templ.go:18.31,21.4 2 1
github.com/Lafetz/showdown-trivia-game/internal/web/views/pages/signin_templ.go:22.3,24.33 3 1
github.com/Lafetz/showdown-trivia-game/internal/web/views/pages/signin_templ.go:24.33,26.4 1 0
github.com/Lafetz/showdown-trivia-game/internal/web/views/pages/signin_templ.go:27.3,29.32 3 1
github.com/Lafetz/showdown-trivia-game/internal/web/views/pages/signin_templ.go:29.32,31.4 1 0
github.com/Lafetz/showdown-trivia-game/internal/web/views/pages/signin_templ.go:32.3,34.32 3 1
github.com/Lafetz/showdown-trivia-game/internal/web/views/pages/signin_templ.go:34.32,36.4 1 0
github.com/Lafetz/showdown-trivia-game/internal/web/views/pages/signin_templ.go:37.3,38.32 2 1
github.com/Lafetz/showdown-trivia-game/internal/web/views/pages/signin_templ.go:38.32,40.4 1 0
github.com/Lafetz/showdown-trivia-game/internal/web/views/pages/signin_templ.go:41.3,42.32 2 1
github.com/Lafetz/showdown-trivia-game/internal/web/views/pages/signin_templ.go:42.32,44.4 1 0
github.com/Lafetz/showdown-trivia-game/internal/web/views/pages/signin_templ.go:45.3,47.32 3 1
github.com/Lafetz/showdown-trivia-game/internal/web/views/pages/signin_templ.go:47.32,49.4 1 0
github.com/Lafetz/showdown-trivia-game/internal/web/views/pages/signin_templ.go:50.3,51.32 2 1
github.com/Lafetz/showdown-trivia-game/internal/web/views/pages/signin_templ.go:51.32,53.4 1 0
github.com/Lafetz/showdown-trivia-game/internal/web/views/pages/signin_templ.go:54.3,55.32 2 1
github.com/Lafetz/showdown-trivia-game/internal/web/views/pages/signin_templ.go:55.32,57.4 1 0
github.com/Lafetz/showdown-trivia-game/internal/web/views/pages/signin_templ.go:58.3,60.32 3 1
github.com/Lafetz/showdown-trivia-game/internal/web/views/pages/signin_templ.go:60.32,62.4 1 0
github.com/Lafetz/showdown-trivia-game/internal/web/views/pages/signin_templ.go:63.3,64.32 2 1
github.com/Lafetz/showdown-trivia-game/internal/web/views/pages/signin_templ.go:64.32,66.4 1 0
github.com/Lafetz/showdown-trivia-game/internal/web/views/pages/signin_templ.go:67.3,68.32 2 1
github.com/Lafetz/showdown-trivia-game/internal/web/views/pages/signin_templ.go:68.32,70.4 1 0
github.com/Lafetz/showdown-trivia-game/internal/web/views/pages/signin_templ.go:71.3,73.32 3 1
github.com/Lafetz/showdown-trivia-game/internal/web/views/pages/signin_templ.go:73.32,75.4 1 0
github.com/Lafetz/showdown-trivia-game/internal/web/views/pages/signin_templ.go:76.3,77.32 2 1
github.com/Lafetz/showdown-trivia-game/internal/web/views/pages/signin_templ.go:77.32,79.4 1 0
github.com/Lafetz/showdown-trivia-game/internal/web/views/pages/signin_templ.go:80.3,81.32 2 1
github.com/Lafetz/showdown-trivia-game/internal/web/views/pages/signin_templ.go:81.32,83.4 1 0
github.com/Lafetz/showdown-trivia-game/internal/web/views/pages/signin_templ.go:84.3,84.31 1 1
github.com/Lafetz/showdown-trivia-game/internal/web/views/pages/signin_templ.go:84.31,86.4 1 1
github.com/Lafetz/showdown-trivia-game/internal/web/views/pages/signin_templ.go:87.3,87.28 1 1
github.com/Lafetz/showdown-trivia-game/internal/web/views/pages/signin_templ.go:91.36,92.110 1 1
github.com/Lafetz/showdown-trivia-game/internal/web/views/pages/signin_templ.go:92.110,94.31 2 1
github.com/Lafetz/showdown-trivia-game/internal/web/views/pages/signin_templ.go:94.31,97.4 2 1
github.com/Lafetz/showdown-trivia-game/internal/web/views/pages/signin_templ.go:98.3,100.33 3 1
github.com/Lafetz/showdown-trivia-game/internal/web/views/pages/signin_templ.go:100.33,102.4 1 0
github.com/Lafetz/showdown-trivia-game/internal/web/views/pages/signin_templ.go:103.3,105.32 3 1
github.com/Lafetz/showdown-trivia-game/internal/web/views/pages/signin_templ.go:105.32,107.4 1 0
github.com/Lafetz/showdown-trivia-game/internal/web/views/pages/signin_templ.go:108.3,108.31 1 1
github.com/Lafetz/showdown-trivia-game/internal/web/views/pages/signin_templ.go:108.31,110.4 1 1
github.com/Lafetz/showdown-trivia-game/internal/web/views/pages/signin_templ.go:111.3,111.28 1 1
github.com/Lafetz/showdown-trivia-game/internal/web/views/pages/signup_templ.go:15.51,16.110 1 1
github.com/Lafetz/showdown-trivia-game/internal/web/views/pages/signup_templ.go:16.110,18.31 2 1
github.com/Lafetz/showdown-trivia-game/internal/web/views/pages/signup_templ.go:18.31,21.4 2 0
github.com/Lafetz/showdown-trivia-game/internal/web/views/pages/signup_templ.go:22.3,24.33 3 1
github.com/Lafetz/showdown-trivia-game/internal/web/views/pages/signup_templ.go:24.33,26.4 1 0
github.com/Lafetz/showdown-trivia-game/internal/web/views/pages/signup_templ.go:27.3,29.32 3 1
github.com/Lafetz/showdown-trivia-game/internal/web/views/pages/signup_templ.go:29.32,31.4 1 0
github.com/Lafetz/showdown-trivia-game/internal/web/views/pages/signup_templ.go:32.3,34.32 3 1
github.com/Lafetz/showdown-trivia-game/internal/web/views/pages/signup_templ.go:34.32,36.4 1 0
github.com/Lafetz/showdown-trivia-game/internal/web/views/pages/signup_templ.go:37.3,38.32 2 1
github.com/Lafetz/showdown-trivia-game/internal/web/views/pages/signup_templ.go:38.32,40.4 1 0
github.com/Lafetz/showdown-trivia-game/internal/web/views/pages/signup_templ.go:41.3,42.32 2 1
github.com/Lafetz/showdown-trivia-game/internal/web/views/pages/signup_templ.go:42.32,44.4 1 0
github.com/Lafetz/showdown-trivia-game/internal/web/views/pages/signup_templ.go:45.3,47.32 3 1
github.com/Lafetz/showdown-trivia-game/internal/web/views/pages/signup_templ.go:47.32,49.4 1 0
github.com/Lafetz/showdown-trivia-game/internal/web/views/pages/signup_templ.go:50.3,51.32 2 1
github.com/Lafetz/showdown-trivia-game/internal/web/views/pages/signup_templ.go:51.32,53.4 1 0
github.com/Lafetz/showdown-trivia-game/internal/web/views/pages/signup_templ.go:54.3,55.32 2 1
github.com/Lafetz/showdown-trivia-game/internal/web/views/pages/signup_templ.go:55.32,57.4 1 0
github.com/Lafetz/showdown-trivia-game/internal/web/views/pages/signup_templ.go:58.3,60.32 3 1
github.com/Lafetz/showdown-trivia-game/internal/web/views/pages/signup_templ.go:60.32,62.4 1 0
github.com/Lafetz/showdown-trivia-game/internal/web/views/pages/signup_templ.go:63.3,64.32 2 1
github.com/Lafetz/showdown-trivia-game/internal/web/views/pages/signup_templ.go:64.32,66.4 1 0
github.com/Lafetz/showdown-trivia-game/internal/web/views/pages/signup_templ.go:67.3,68.32 2 1
github.com/Lafetz/showdown-trivia-game/internal/web/views/pages/signup_templ.go:68.32,70.4 1 0
github.com/Lafetz/showdown-trivia-game/internal/web/views/pages/signup_templ.go:71.3,73.32 3 1
github.com/Lafetz/showdown-trivia-game/internal/web/views/pages/signup_templ.go:73.32,75.4 1 0
github.com/Lafetz/showdown-trivia-game/internal/web/views/pages/signup_templ.go:76.3,77.32 2 1
github.com/Lafetz/showdown-trivia-game/internal/web/views/pages/signup_templ.go:77.32,79.4 1 0
github.com/Lafetz/showdown-trivia-game/internal/web/views/pages/signup_templ.go:80.3,81.32 2 1
github.com/Lafetz/showdown-trivia-game/internal/web/views/pages/signup_templ.go:81.32,83.4 1 0
github.com/Lafetz/showdown-trivia-game/internal/web/views/pages/signup_templ.go:84.3,86.32 3 1
github.com/Lafetz/showdown-trivia-game/internal/web/views/pages/signup_templ.go:86.32,88.4 1 0
github.com/Lafetz/showdown-trivia-game/internal/web/views/pages/signup_templ.go:89.3,90.32 2 1
github.com/Lafetz/showdown-trivia-game/internal/web/views/pages/signup_templ.go:90.32,92.4 1 0
github.com/Lafetz/showdown-trivia-game/internal/web/views/pages/signup_templ.go:93.3,94.32 2 1
github.com/Lafetz/showdown-trivia-game/internal/web/views/pages/signup_templ.go:94.32,96.4 1 0
github.com/Lafetz/showdown-trivia-game/internal/web/views/pages/signup_templ.go:97.3,99.32 3 1
github.com/Lafetz/showdown-trivia-game/internal/web/views/pages/signup_templ.go:99.32,101.4 1 0
github.com/Lafetz/showdown-trivia-game/internal/web/views/pages/signup_templ.go:102.3,103.32 2 1
github.com/Lafetz/showdown-trivia-game/internal/web/views/pages/signup_templ.go:103.32,105.4 1 0
github.com/Lafetz/showdown-trivia-game/internal/web/views/pages/signup_templ.go:106.3,107.32 2 1
github.com/Lafetz/showdown-trivia-game/internal/web/views/pages/signup_templ.go:107.32,109.4 1 0
github.com/Lafetz/showdown-trivia-game/internal/web/views/pages/signup_templ.go:110.3,110.31 1 1
github.com/Lafetz/showdown-trivia-game/internal/web/views/pages/signup_templ.go:110.31,112.4 1 0
github.com/Lafetz/showdown-trivia-game/internal/web/views/pages/signup_templ.go:113.3,113.28 1 1
github.com/Lafetz/showdown-trivia-game/internal/web/views/pages/signup_templ.go:117.38,118.110 1 1
github.com/Lafetz/showdown-trivia-game/internal/web/views/pages/signup_templ.go:118.110,120.31 2 1
github.com/Lafetz/showdown-trivia-game/internal/web/views/pages/signup_templ.go:120.31,123.4 2 0
github.com/Lafetz/showdown-trivia-game/internal/web/views/pages/signup_templ.go:124.3,126.33 3 1
github.com/Lafetz/showdown-trivia-game/internal/web/views/pages/signup_templ.go:126.33,128.4 1 0
github.com/Lafetz/showdown-trivia-game/internal/web/views/pages/signup_templ.go:129.3,131.32 3 1
github.com/Lafetz/showdown-trivia-game/internal/web/views/pages/signup_templ.go:131.32,133.4 1 0
github.com/Lafetz/showdown-trivia-game/internal/web/views/pages/signup_templ.go:134.3,134.31 1 1
github.com/Lafetz/showdown-trivia-game/internal/web/views/pages/signup_templ.go:134.31,136.4 1 0
github.com/Lafetz/showdown-trivia-game/internal/web/views/pages/signup_templ.go:137.3,137.28 1 1
